{"/Users/joepegler/Workspace/abstractjs/src/sdk/account/toMultiChainNexusAccount.test.ts": {"path":"/Users/joepegler/Workspace/abstractjs/src/sdk/account/toMultiChainNexusAccount.test.ts","statementMap":{"0":{"start":{"line":28,"column":0},"end":{"line":160,"column":null}},"1":{"start":{"line":38,"column":2},"end":{"line":48,"column":null}},"2":{"start":{"line":39,"column":4},"end":{"line":39,"column":null}},"3":{"start":{"line":40,"column":5},"end":{"line":40,"column":null}},"4":{"start":{"line":41,"column":4},"end":{"line":41,"column":null}},"5":{"start":{"line":43,"column":4},"end":{"line":47,"column":null}},"6":{"start":{"line":50,"column":2},"end":{"line":63,"column":null}},"7":{"start":{"line":51,"column":4},"end":{"line":55,"column":null}},"8":{"start":{"line":58,"column":4},"end":{"line":58,"column":null}},"9":{"start":{"line":59,"column":4},"end":{"line":59,"column":null}},"10":{"start":{"line":60,"column":4},"end":{"line":60,"column":null}},"11":{"start":{"line":61,"column":4},"end":{"line":61,"column":null}},"12":{"start":{"line":62,"column":4},"end":{"line":62,"column":null}},"13":{"start":{"line":65,"column":2},"end":{"line":69,"column":null}},"14":{"start":{"line":66,"column":23},"end":{"line":66,"column":null}},"15":{"start":{"line":67,"column":4},"end":{"line":67,"column":null}},"16":{"start":{"line":68,"column":4},"end":{"line":68,"column":null}},"17":{"start":{"line":71,"column":2},"end":{"line":79,"column":null}},"18":{"start":{"line":72,"column":4},"end":{"line":78,"column":null}},"19":{"start":{"line":81,"column":2},"end":{"line":83,"column":null}},"20":{"start":{"line":82,"column":4},"end":{"line":82,"column":null}},"21":{"start":{"line":85,"column":2},"end":{"line":100,"column":null}},"22":{"start":{"line":86,"column":18},"end":{"line":94,"column":null}},"23":{"start":{"line":96,"column":4},"end":{"line":96,"column":null}},"24":{"start":{"line":98,"column":19},"end":{"line":98,"column":null}},"25":{"start":{"line":99,"column":4},"end":{"line":99,"column":null}},"26":{"start":{"line":102,"column":2},"end":{"line":115,"column":null}},"27":{"start":{"line":103,"column":24},"end":{"line":103,"column":null}},"28":{"start":{"line":104,"column":4},"end":{"line":106,"column":null}},"29":{"start":{"line":105,"column":6},"end":{"line":105,"column":null}},"30":{"start":{"line":107,"column":32},"end":{"line":112,"column":null}},"31":{"start":{"line":114,"column":4},"end":{"line":114,"column":null}},"32":{"start":{"line":117,"column":2},"end":{"line":122,"column":null}},"33":{"start":{"line":118,"column":4},"end":{"line":118,"column":null}},"34":{"start":{"line":119,"column":4},"end":{"line":119,"column":null}},"35":{"start":{"line":120,"column":4},"end":{"line":120,"column":null}},"36":{"start":{"line":121,"column":4},"end":{"line":121,"column":null}},"37":{"start":{"line":124,"column":2},"end":{"line":129,"column":null}},"38":{"start":{"line":125,"column":27},"end":{"line":125,"column":null}},"39":{"start":{"line":126,"column":4},"end":{"line":126,"column":null}},"40":{"start":{"line":127,"column":4},"end":{"line":127,"column":null}},"41":{"start":{"line":128,"column":4},"end":{"line":128,"column":null}},"42":{"start":{"line":131,"column":2},"end":{"line":153,"column":null}},"43":{"start":{"line":132,"column":27},"end":{"line":132,"column":null}},"44":{"start":{"line":134,"column":25},"end":{"line":141,"column":null}},"45":{"start":{"line":136,"column":8},"end":{"line":136,"column":null}},"46":{"start":{"line":139,"column":33},"end":{"line":139,"column":null}},"47":{"start":{"line":143,"column":20},"end":{"line":149,"column":null}},"48":{"start":{"line":151,"column":4},"end":{"line":151,"column":null}},"49":{"start":{"line":152,"column":4},"end":{"line":152,"column":null}},"50":{"start":{"line":155,"column":2},"end":{"line":159,"column":null}},"51":{"start":{"line":156,"column":23},"end":{"line":156,"column":null}},"52":{"start":{"line":157,"column":4},"end":{"line":157,"column":null}},"53":{"start":{"line":158,"column":4},"end":{"line":158,"column":null}},"54":{"start":{"line":158,"column":17},"end":{"line":158,"column":59}}},"fnMap":{"0":{"name":"(anonymous_0)","decl":{"start":{"line":28,"column":41},"end":{"line":28,"column":53}},"loc":{"start":{"line":28,"column":53},"end":{"line":160,"column":1}}},"1":{"name":"(anonymous_1)","decl":{"start":{"line":38,"column":12},"end":{"line":38,"column":24}},"loc":{"start":{"line":38,"column":24},"end":{"line":48,"column":3}}},"2":{"name":"(anonymous_2)","decl":{"start":{"line":50,"column":67},"end":{"line":50,"column":79}},"loc":{"start":{"line":50,"column":79},"end":{"line":63,"column":3}}},"3":{"name":"(anonymous_3)","decl":{"start":{"line":65,"column":62},"end":{"line":65,"column":74}},"loc":{"start":{"line":65,"column":74},"end":{"line":69,"column":3}}},"4":{"name":"(anonymous_4)","decl":{"start":{"line":71,"column":43},"end":{"line":71,"column":55}},"loc":{"start":{"line":71,"column":55},"end":{"line":79,"column":3}}},"5":{"name":"(anonymous_5)","decl":{"start":{"line":81,"column":52},"end":{"line":81,"column":64}},"loc":{"start":{"line":81,"column":64},"end":{"line":83,"column":3}}},"6":{"name":"(anonymous_6)","decl":{"start":{"line":85,"column":64},"end":{"line":85,"column":76}},"loc":{"start":{"line":85,"column":76},"end":{"line":100,"column":3}}},"7":{"name":"(anonymous_7)","decl":{"start":{"line":102,"column":46},"end":{"line":102,"column":58}},"loc":{"start":{"line":102,"column":58},"end":{"line":115,"column":3}}},"8":{"name":"(anonymous_8)","decl":{"start":{"line":117,"column":58},"end":{"line":117,"column":70}},"loc":{"start":{"line":117,"column":70},"end":{"line":122,"column":3}}},"9":{"name":"(anonymous_9)","decl":{"start":{"line":124,"column":39},"end":{"line":124,"column":51}},"loc":{"start":{"line":124,"column":51},"end":{"line":129,"column":3}}},"10":{"name":"(anonymous_10)","decl":{"start":{"line":131,"column":30},"end":{"line":131,"column":42}},"loc":{"start":{"line":131,"column":42},"end":{"line":153,"column":3}}},"11":{"name":"(anonymous_11)","decl":{"start":{"line":135,"column":10},"end":{"line":135,"column":11}},"loc":{"start":{"line":136,"column":8},"end":{"line":136,"column":null}}},"12":{"name":"(anonymous_12)","decl":{"start":{"line":139,"column":8},"end":{"line":139,"column":9}},"loc":{"start":{"line":139,"column":33},"end":{"line":139,"column":null}}},"13":{"name":"(anonymous_13)","decl":{"start":{"line":155,"column":50},"end":{"line":155,"column":62}},"loc":{"start":{"line":155,"column":62},"end":{"line":159,"column":3}}},"14":{"name":"(anonymous_14)","decl":{"start":{"line":158,"column":11},"end":{"line":158,"column":17}},"loc":{"start":{"line":158,"column":17},"end":{"line":158,"column":59}}}},"branchMap":{"0":{"loc":{"start":{"line":104,"column":4},"end":{"line":106,"column":null}},"type":"if","locations":[{"start":{"line":104,"column":4},"end":{"line":106,"column":null}},{"start":{},"end":{}}]},"1":{"loc":{"start":{"line":136,"column":8},"end":{"line":136,"column":null}},"type":"binary-expr","locations":[{"start":{"line":136,"column":8},"end":{"line":136,"column":59}},{"start":{"line":136,"column":59},"end":{"line":136,"column":null}}]}},"s":{"0":1,"1":1,"2":1,"3":1,"4":1,"5":1,"6":1,"7":1,"8":1,"9":1,"10":1,"11":1,"12":1,"13":1,"14":1,"15":1,"16":1,"17":1,"18":1,"19":1,"20":1,"21":1,"22":1,"23":1,"24":1,"25":1,"26":1,"27":1,"28":1,"29":0,"30":1,"31":1,"32":1,"33":1,"34":1,"35":1,"36":1,"37":1,"38":1,"39":1,"40":1,"41":1,"42":1,"43":1,"44":1,"45":2,"46":8,"47":1,"48":1,"49":1,"50":1,"51":1,"52":1,"53":1,"54":1},"f":{"0":1,"1":1,"2":1,"3":1,"4":1,"5":1,"6":1,"7":1,"8":1,"9":1,"10":1,"11":2,"12":8,"13":1,"14":1},"b":{"0":[0,1],"1":[2,0]}}
,"/Users/joepegler/Workspace/abstractjs/src/sdk/account/toMultiChainNexusAccount.ts": {"path":"/Users/joepegler/Workspace/abstractjs/src/sdk/account/toMultiChainNexusAccount.ts","statementMap":{"0":{"start":{"line":175,"column":6},"end":{"line":175,"column":null}},"1":{"start":{"line":177,"column":2},"end":{"line":179,"column":null}},"2":{"start":{"line":178,"column":4},"end":{"line":178,"column":null}},"3":{"start":{"line":181,"column":2},"end":{"line":185,"column":null}},"4":{"start":{"line":182,"column":4},"end":{"line":184,"column":null}},"5":{"start":{"line":187,"column":22},"end":{"line":200,"column":null}},"6":{"start":{"line":189,"column":6},"end":{"line":198,"column":null}},"7":{"start":{"line":206,"column":23},"end":{"line":208,"column":null}},"8":{"start":{"line":207,"column":15},"end":{"line":207,"column":null}},"9":{"start":{"line":210,"column":4},"end":{"line":212,"column":null}},"10":{"start":{"line":211,"column":6},"end":{"line":211,"column":null}},"11":{"start":{"line":214,"column":4},"end":{"line":214,"column":null}},"12":{"start":{"line":218,"column":23},"end":{"line":218,"column":null}},"13":{"start":{"line":219,"column":4},"end":{"line":219,"column":null}},"14":{"start":{"line":222,"column":22},"end":{"line":227,"column":null}},"15":{"start":{"line":229,"column":33},"end":{"line":230,"column":null}},"16":{"start":{"line":230,"column":4},"end":{"line":230,"column":null}},"17":{"start":{"line":232,"column":16},"end":{"line":236,"column":null}},"18":{"start":{"line":236,"column":4},"end":{"line":236,"column":null}},"19":{"start":{"line":238,"column":34},"end":{"line":240,"column":null}},"20":{"start":{"line":240,"column":7},"end":{"line":240,"column":null}},"21":{"start":{"line":242,"column":22},"end":{"line":243,"column":null}},"22":{"start":{"line":243,"column":4},"end":{"line":243,"column":null}},"23":{"start":{"line":245,"column":2},"end":{"line":251,"column":null}}},"fnMap":{"0":{"name":"toMultichainNexusAccount","decl":{"start":{"line":167,"column":22},"end":{"line":167,"column":null}},"loc":{"start":{"line":169,"column":35},"end":{"line":252,"column":null}}},"1":{"name":"(anonymous_1)","decl":{"start":{"line":188,"column":15},"end":{"line":188,"column":16}},"loc":{"start":{"line":189,"column":6},"end":{"line":198,"column":null}}},"2":{"name":"deploymentOn","decl":{"start":{"line":202,"column":11},"end":{"line":202,"column":null}},"loc":{"start":{"line":205,"column":37},"end":{"line":215,"column":null}}},"3":{"name":"(anonymous_3)","decl":{"start":{"line":207,"column":6},"end":{"line":207,"column":7}},"loc":{"start":{"line":207,"column":15},"end":{"line":207,"column":null}}},"4":{"name":"addressOn","decl":{"start":{"line":217,"column":11},"end":{"line":217,"column":21}},"loc":{"start":{"line":217,"column":56},"end":{"line":220,"column":null}}},"5":{"name":"(anonymous_5)","decl":{"start":{"line":229,"column":33},"end":{"line":229,"column":34}},"loc":{"start":{"line":230,"column":4},"end":{"line":230,"column":null}}},"6":{"name":"(anonymous_6)","decl":{"start":{"line":232,"column":16},"end":{"line":232,"column":null}},"loc":{"start":{"line":236,"column":4},"end":{"line":236,"column":null}}},"7":{"name":"(anonymous_7)","decl":{"start":{"line":238,"column":34},"end":{"line":238,"column":null}},"loc":{"start":{"line":240,"column":7},"end":{"line":240,"column":null}}},"8":{"name":"(anonymous_8)","decl":{"start":{"line":242,"column":22},"end":{"line":242,"column":23}},"loc":{"start":{"line":243,"column":4},"end":{"line":243,"column":null}}}},"branchMap":{"0":{"loc":{"start":{"line":177,"column":2},"end":{"line":179,"column":null}},"type":"if","locations":[{"start":{"line":177,"column":2},"end":{"line":179,"column":null}},{"start":{},"end":{}}]},"1":{"loc":{"start":{"line":181,"column":2},"end":{"line":185,"column":null}},"type":"if","locations":[{"start":{"line":181,"column":2},"end":{"line":185,"column":null}},{"start":{},"end":{}}]},"2":{"loc":{"start":{"line":181,"column":6},"end":{"line":181,"column":57}},"type":"binary-expr","locations":[{"start":{"line":181,"column":6},"end":{"line":181,"column":20}},{"start":{"line":181,"column":20},"end":{"line":181,"column":57}}]},"3":{"loc":{"start":{"line":210,"column":4},"end":{"line":212,"column":null}},"type":"if","locations":[{"start":{"line":210,"column":4},"end":{"line":212,"column":null}},{"start":{},"end":{}}]},"4":{"loc":{"start":{"line":210,"column":8},"end":{"line":210,"column":35}},"type":"binary-expr","locations":[{"start":{"line":210,"column":8},"end":{"line":210,"column":23}},{"start":{"line":210,"column":23},"end":{"line":210,"column":35}}]}},"s":{"0":38,"1":38,"2":1,"3":37,"4":0,"5":37,"6":75,"7":192,"8":274,"9":192,"10":1,"11":191,"12":33,"13":33,"14":37,"15":37,"16":4,"17":37,"18":22,"19":37,"20":0,"21":37,"22":1,"23":37},"f":{"0":38,"1":75,"2":192,"3":274,"4":33,"5":4,"6":22,"7":0,"8":1},"b":{"0":[1,37],"1":[0,37],"2":[37,37],"3":[1,191],"4":[192,1]}}
,"/Users/joepegler/Workspace/abstractjs/src/sdk/account/toNexusAccount.addresses.test.ts": {"path":"/Users/joepegler/Workspace/abstractjs/src/sdk/account/toNexusAccount.addresses.test.ts","statementMap":{"0":{"start":{"line":39,"column":0},"end":{"line":196,"column":null}},"1":{"start":{"line":53,"column":2},"end":{"line":83,"column":null}},"2":{"start":{"line":54,"column":4},"end":{"line":54,"column":null}},"3":{"start":{"line":56,"column":4},"end":{"line":56,"column":null}},"4":{"start":{"line":57,"column":4},"end":{"line":57,"column":null}},"5":{"start":{"line":58,"column":4},"end":{"line":58,"column":null}},"6":{"start":{"line":59,"column":4},"end":{"line":59,"column":null}},"7":{"start":{"line":60,"column":4},"end":{"line":60,"column":null}},"8":{"start":{"line":62,"column":4},"end":{"line":66,"column":null}},"9":{"start":{"line":68,"column":4},"end":{"line":74,"column":null}},"10":{"start":{"line":76,"column":4},"end":{"line":80,"column":null}},"11":{"start":{"line":82,"column":4},"end":{"line":82,"column":null}},"12":{"start":{"line":84,"column":2},"end":{"line":86,"column":null}},"13":{"start":{"line":85,"column":4},"end":{"line":85,"column":null}},"14":{"start":{"line":88,"column":2},"end":{"line":103,"column":null}},"15":{"start":{"line":89,"column":4},"end":{"line":89,"column":null}},"16":{"start":{"line":90,"column":44},"end":{"line":97,"column":null}},"17":{"start":{"line":98,"column":26},"end":{"line":98,"column":null}},"18":{"start":{"line":99,"column":4},"end":{"line":99,"column":null}},"19":{"start":{"line":100,"column":4},"end":{"line":100,"column":null}},"20":{"start":{"line":101,"column":4},"end":{"line":101,"column":null}},"21":{"start":{"line":102,"column":4},"end":{"line":102,"column":null}},"22":{"start":{"line":105,"column":2},"end":{"line":120,"column":null}},"23":{"start":{"line":106,"column":4},"end":{"line":106,"column":null}},"24":{"start":{"line":107,"column":44},"end":{"line":114,"column":null}},"25":{"start":{"line":115,"column":26},"end":{"line":115,"column":null}},"26":{"start":{"line":116,"column":4},"end":{"line":116,"column":null}},"27":{"start":{"line":117,"column":4},"end":{"line":117,"column":null}},"28":{"start":{"line":118,"column":4},"end":{"line":118,"column":null}},"29":{"start":{"line":119,"column":4},"end":{"line":119,"column":null}},"30":{"start":{"line":122,"column":2},"end":{"line":146,"column":null}},"31":{"start":{"line":124,"column":6},"end":{"line":124,"column":null}},"32":{"start":{"line":126,"column":28},"end":{"line":131,"column":null}},"33":{"start":{"line":133,"column":27},"end":{"line":137,"column":null}},"34":{"start":{"line":139,"column":27},"end":{"line":139,"column":null}},"35":{"start":{"line":141,"column":6},"end":{"line":141,"column":null}},"36":{"start":{"line":142,"column":4},"end":{"line":144,"column":null}},"37":{"start":{"line":145,"column":4},"end":{"line":145,"column":null}},"38":{"start":{"line":148,"column":2},"end":{"line":173,"column":null}},"39":{"start":{"line":149,"column":26},"end":{"line":157,"column":null}},"40":{"start":{"line":159,"column":26},"end":{"line":167,"column":null}},"41":{"start":{"line":169,"column":27},"end":{"line":169,"column":null}},"42":{"start":{"line":170,"column":27},"end":{"line":170,"column":null}},"43":{"start":{"line":172,"column":4},"end":{"line":172,"column":null}},"44":{"start":{"line":175,"column":2},"end":{"line":195,"column":null}},"45":{"start":{"line":176,"column":23},"end":{"line":176,"column":null}},"46":{"start":{"line":178,"column":23},"end":{"line":187,"column":null}},"47":{"start":{"line":189,"column":23},"end":{"line":189,"column":null}},"48":{"start":{"line":190,"column":37},"end":{"line":190,"column":null}},"49":{"start":{"line":192,"column":4},"end":{"line":192,"column":null}},"50":{"start":{"line":193,"column":4},"end":{"line":193,"column":null}},"51":{"start":{"line":194,"column":4},"end":{"line":194,"column":null}}},"fnMap":{"0":{"name":"(anonymous_0)","decl":{"start":{"line":39,"column":36},"end":{"line":39,"column":48}},"loc":{"start":{"line":39,"column":48},"end":{"line":196,"column":1}}},"1":{"name":"(anonymous_1)","decl":{"start":{"line":53,"column":12},"end":{"line":53,"column":24}},"loc":{"start":{"line":53,"column":24},"end":{"line":83,"column":3}}},"2":{"name":"(anonymous_2)","decl":{"start":{"line":84,"column":11},"end":{"line":84,"column":23}},"loc":{"start":{"line":84,"column":23},"end":{"line":86,"column":3}}},"3":{"name":"(anonymous_3)","decl":{"start":{"line":88,"column":39},"end":{"line":88,"column":51}},"loc":{"start":{"line":88,"column":51},"end":{"line":103,"column":3}}},"4":{"name":"(anonymous_4)","decl":{"start":{"line":105,"column":55},"end":{"line":105,"column":67}},"loc":{"start":{"line":105,"column":67},"end":{"line":120,"column":3}}},"5":{"name":"(anonymous_5)","decl":{"start":{"line":122,"column":42},"end":{"line":122,"column":54}},"loc":{"start":{"line":122,"column":54},"end":{"line":146,"column":3}}},"6":{"name":"(anonymous_6)","decl":{"start":{"line":148,"column":72},"end":{"line":148,"column":84}},"loc":{"start":{"line":148,"column":84},"end":{"line":173,"column":3}}},"7":{"name":"(anonymous_7)","decl":{"start":{"line":175,"column":36},"end":{"line":175,"column":48}},"loc":{"start":{"line":175,"column":48},"end":{"line":195,"column":3}}}},"branchMap":{},"s":{"0":1,"1":1,"2":1,"3":1,"4":1,"5":1,"6":1,"7":1,"8":1,"9":1,"10":1,"11":1,"12":1,"13":1,"14":1,"15":1,"16":1,"17":1,"18":1,"19":1,"20":1,"21":1,"22":1,"23":1,"24":1,"25":1,"26":1,"27":1,"28":1,"29":1,"30":1,"31":1,"32":1,"33":1,"34":1,"35":1,"36":1,"37":1,"38":1,"39":1,"40":1,"41":1,"42":1,"43":1,"44":1,"45":1,"46":1,"47":1,"48":1,"49":1,"50":1,"51":1},"f":{"0":1,"1":1,"2":1,"3":1,"4":1,"5":1,"6":1,"7":1},"b":{}}
,"/Users/joepegler/Workspace/abstractjs/src/sdk/account/toNexusAccount.test.ts": {"path":"/Users/joepegler/Workspace/abstractjs/src/sdk/account/toNexusAccount.test.ts","statementMap":{"0":{"start":{"line":63,"column":0},"end":{"line":512,"column":null}},"1":{"start":{"line":77,"column":2},"end":{"line":109,"column":null}},"2":{"start":{"line":78,"column":4},"end":{"line":78,"column":null}},"3":{"start":{"line":80,"column":4},"end":{"line":80,"column":null}},"4":{"start":{"line":81,"column":4},"end":{"line":81,"column":null}},"5":{"start":{"line":82,"column":4},"end":{"line":82,"column":null}},"6":{"start":{"line":83,"column":4},"end":{"line":83,"column":null}},"7":{"start":{"line":84,"column":4},"end":{"line":84,"column":null}},"8":{"start":{"line":86,"column":4},"end":{"line":90,"column":null}},"9":{"start":{"line":92,"column":4},"end":{"line":98,"column":null}},"10":{"start":{"line":100,"column":4},"end":{"line":104,"column":null}},"11":{"start":{"line":106,"column":4},"end":{"line":106,"column":null}},"12":{"start":{"line":107,"column":4},"end":{"line":107,"column":null}},"13":{"start":{"line":108,"column":4},"end":{"line":108,"column":null}},"14":{"start":{"line":110,"column":2},"end":{"line":112,"column":null}},"15":{"start":{"line":111,"column":4},"end":{"line":111,"column":null}},"16":{"start":{"line":114,"column":2},"end":{"line":167,"column":null}},"17":{"start":{"line":115,"column":17},"end":{"line":115,"column":null}},"18":{"start":{"line":117,"column":17},"end":{"line":117,"column":null}},"19":{"start":{"line":120,"column":28},"end":{"line":131,"column":null}},"20":{"start":{"line":134,"column":29},"end":{"line":139,"column":null}},"21":{"start":{"line":142,"column":28},"end":{"line":144,"column":null}},"22":{"start":{"line":146,"column":22},"end":{"line":148,"column":null}},"23":{"start":{"line":150,"column":29},"end":{"line":157,"column":null}},"24":{"start":{"line":159,"column":25},"end":{"line":163,"column":null}},"25":{"start":{"line":165,"column":4},"end":{"line":165,"column":null}},"26":{"start":{"line":166,"column":4},"end":{"line":166,"column":null}},"27":{"start":{"line":169,"column":2},"end":{"line":205,"column":null}},"28":{"start":{"line":170,"column":36},"end":{"line":174,"column":null}},"29":{"start":{"line":176,"column":20},"end":{"line":176,"column":null}},"30":{"start":{"line":177,"column":24},"end":{"line":177,"column":null}},"31":{"start":{"line":180,"column":22},"end":{"line":182,"column":null}},"32":{"start":{"line":185,"column":25},"end":{"line":187,"column":null}},"33":{"start":{"line":189,"column":27},"end":{"line":193,"column":null}},"34":{"start":{"line":196,"column":27},"end":{"line":196,"column":null}},"35":{"start":{"line":197,"column":29},"end":{"line":201,"column":null}},"36":{"start":{"line":203,"column":4},"end":{"line":203,"column":null}},"37":{"start":{"line":204,"column":4},"end":{"line":204,"column":null}},"38":{"start":{"line":207,"column":2},"end":{"line":271,"column":null}},"39":{"start":{"line":221,"column":8},"end":{"line":247,"column":null}},"40":{"start":{"line":249,"column":4},"end":{"line":249,"column":null}},"41":{"start":{"line":250,"column":4},"end":{"line":250,"column":null}},"42":{"start":{"line":251,"column":4},"end":{"line":251,"column":null}},"43":{"start":{"line":252,"column":4},"end":{"line":252,"column":null}},"44":{"start":{"line":254,"column":4},"end":{"line":260,"column":null}},"45":{"start":{"line":255,"column":6},"end":{"line":255,"column":null}},"46":{"start":{"line":256,"column":6},"end":{"line":256,"column":null}},"47":{"start":{"line":258,"column":6},"end":{"line":258,"column":null}},"48":{"start":{"line":259,"column":6},"end":{"line":259,"column":null}},"49":{"start":{"line":262,"column":4},"end":{"line":262,"column":null}},"50":{"start":{"line":263,"column":4},"end":{"line":263,"column":null}},"51":{"start":{"line":264,"column":4},"end":{"line":264,"column":null}},"52":{"start":{"line":265,"column":4},"end":{"line":265,"column":null}},"53":{"start":{"line":266,"column":4},"end":{"line":266,"column":null}},"54":{"start":{"line":268,"column":4},"end":{"line":268,"column":null}},"55":{"start":{"line":269,"column":4},"end":{"line":269,"column":null}},"56":{"start":{"line":270,"column":4},"end":{"line":270,"column":null}},"57":{"start":{"line":273,"column":2},"end":{"line":341,"column":null}},"58":{"start":{"line":274,"column":20},"end":{"line":276,"column":null}},"59":{"start":{"line":277,"column":28},"end":{"line":283,"column":null}},"60":{"start":{"line":285,"column":28},"end":{"line":287,"column":null}},"61":{"start":{"line":289,"column":38},"end":{"line":292,"column":null}},"62":{"start":{"line":294,"column":29},"end":{"line":305,"column":null}},"63":{"start":{"line":307,"column":23},"end":{"line":309,"column":null}},"64":{"start":{"line":311,"column":22},"end":{"line":314,"column":null}},"65":{"start":{"line":316,"column":25},"end":{"line":316,"column":null}},"66":{"start":{"line":318,"column":26},"end":{"line":324,"column":null}},"67":{"start":{"line":326,"column":27},"end":{"line":329,"column":null}},"68":{"start":{"line":331,"column":29},"end":{"line":338,"column":null}},"69":{"start":{"line":340,"column":4},"end":{"line":340,"column":null}},"70":{"start":{"line":343,"column":2},"end":{"line":440,"column":null}},"71":{"start":{"line":344,"column":22},"end":{"line":349,"column":null}},"72":{"start":{"line":351,"column":24},"end":{"line":351,"column":null}},"73":{"start":{"line":352,"column":18},"end":{"line":359,"column":null}},"74":{"start":{"line":361,"column":27},"end":{"line":365,"column":null}},"75":{"start":{"line":366,"column":19},"end":{"line":371,"column":null}},"76":{"start":{"line":373,"column":21},"end":{"line":373,"column":null}},"77":{"start":{"line":375,"column":20},"end":{"line":391,"column":null}},"78":{"start":{"line":393,"column":31},"end":{"line":393,"column":null}},"79":{"start":{"line":395,"column":25},"end":{"line":397,"column":null}},"80":{"start":{"line":399,"column":27},"end":{"line":404,"column":null}},"81":{"start":{"line":406,"column":26},"end":{"line":413,"column":null}},"82":{"start":{"line":415,"column":32},"end":{"line":427,"column":null}},"83":{"start":{"line":429,"column":4},"end":{"line":429,"column":null}},"84":{"start":{"line":431,"column":22},"end":{"line":436,"column":null}},"85":{"start":{"line":438,"column":4},"end":{"line":438,"column":null}},"86":{"start":{"line":439,"column":4},"end":{"line":439,"column":null}},"87":{"start":{"line":442,"column":2},"end":{"line":511,"column":null}},"88":{"start":{"line":449,"column":29},"end":{"line":449,"column":null}},"89":{"start":{"line":452,"column":34},"end":{"line":452,"column":null}},"90":{"start":{"line":455,"column":27},"end":{"line":455,"column":null}},"91":{"start":{"line":458,"column":23},"end":{"line":458,"column":null}},"92":{"start":{"line":461,"column":6},"end":{"line":461,"column":null}},"93":{"start":{"line":464,"column":6},"end":{"line":464,"column":null}},"94":{"start":{"line":467,"column":6},"end":{"line":467,"column":null}},"95":{"start":{"line":470,"column":6},"end":{"line":470,"column":null}},"96":{"start":{"line":475,"column":21},"end":{"line":475,"column":null}},"97":{"start":{"line":476,"column":6},"end":{"line":476,"column":null}},"98":{"start":{"line":477,"column":6},"end":{"line":477,"column":null}},"99":{"start":{"line":478,"column":6},"end":{"line":478,"column":null}},"100":{"start":{"line":479,"column":6},"end":{"line":479,"column":null}},"101":{"start":{"line":483,"column":19},"end":{"line":483,"column":null}},"102":{"start":{"line":484,"column":6},"end":{"line":486,"column":null}},"103":{"start":{"line":485,"column":23},"end":{"line":485,"column":57}},"104":{"start":{"line":489,"column":18},"end":{"line":489,"column":null}},"105":{"start":{"line":490,"column":23},"end":{"line":490,"column":null}},"106":{"start":{"line":492,"column":26},"end":{"line":496,"column":null}},"107":{"start":{"line":497,"column":24},"end":{"line":501,"column":null}},"108":{"start":{"line":503,"column":35},"end":{"line":507,"column":null}},"109":{"start":{"line":509,"column":4},"end":{"line":509,"column":null}},"110":{"start":{"line":510,"column":4},"end":{"line":510,"column":null}}},"fnMap":{"0":{"name":"(anonymous_0)","decl":{"start":{"line":63,"column":26},"end":{"line":63,"column":38}},"loc":{"start":{"line":63,"column":38},"end":{"line":512,"column":1}}},"1":{"name":"(anonymous_1)","decl":{"start":{"line":77,"column":12},"end":{"line":77,"column":24}},"loc":{"start":{"line":77,"column":24},"end":{"line":109,"column":3}}},"2":{"name":"(anonymous_2)","decl":{"start":{"line":110,"column":11},"end":{"line":110,"column":23}},"loc":{"start":{"line":110,"column":23},"end":{"line":112,"column":3}}},"3":{"name":"(anonymous_3)","decl":{"start":{"line":114,"column":62},"end":{"line":114,"column":74}},"loc":{"start":{"line":114,"column":74},"end":{"line":167,"column":3}}},"4":{"name":"(anonymous_4)","decl":{"start":{"line":169,"column":35},"end":{"line":169,"column":47}},"loc":{"start":{"line":169,"column":47},"end":{"line":205,"column":3}}},"5":{"name":"(anonymous_5)","decl":{"start":{"line":207,"column":43},"end":{"line":207,"column":55}},"loc":{"start":{"line":207,"column":55},"end":{"line":271,"column":3}}},"6":{"name":"(anonymous_6)","decl":{"start":{"line":273,"column":72},"end":{"line":273,"column":84}},"loc":{"start":{"line":273,"column":84},"end":{"line":341,"column":3}}},"7":{"name":"(anonymous_7)","decl":{"start":{"line":343,"column":53},"end":{"line":343,"column":65}},"loc":{"start":{"line":343,"column":65},"end":{"line":440,"column":3}}},"8":{"name":"(anonymous_8)","decl":{"start":{"line":442,"column":73},"end":{"line":442,"column":85}},"loc":{"start":{"line":442,"column":85},"end":{"line":511,"column":3}}},"9":{"name":"makeNonceKey","decl":{"start":{"line":443,"column":13},"end":{"line":443,"column":null}},"loc":{"start":{"line":447,"column":14},"end":{"line":471,"column":null}}},"10":{"name":"numberTo3Bytes","decl":{"start":{"line":473,"column":13},"end":{"line":473,"column":28}},"loc":{"start":{"line":473,"column":53},"end":{"line":480,"column":null}}},"11":{"name":"toHexString","decl":{"start":{"line":482,"column":13},"end":{"line":482,"column":25}},"loc":{"start":{"line":482,"column":46},"end":{"line":487,"column":null}}},"12":{"name":"(anonymous_12)","decl":{"start":{"line":485,"column":13},"end":{"line":485,"column":14}},"loc":{"start":{"line":485,"column":23},"end":{"line":485,"column":57}}}},"branchMap":{"0":{"loc":{"start":{"line":254,"column":4},"end":{"line":260,"column":null}},"type":"if","locations":[{"start":{"line":254,"column":4},"end":{"line":260,"column":null}},{"start":{"line":257,"column":11},"end":{"line":260,"column":null}}]}},"s":{"0":1,"1":1,"2":1,"3":1,"4":1,"5":1,"6":1,"7":1,"8":1,"9":1,"10":1,"11":1,"12":1,"13":1,"14":1,"15":1,"16":1,"17":1,"18":1,"19":1,"20":1,"21":1,"22":1,"23":1,"24":1,"25":1,"26":1,"27":1,"28":1,"29":1,"30":1,"31":1,"32":1,"33":1,"34":1,"35":1,"36":1,"37":1,"38":1,"39":1,"40":1,"41":1,"42":1,"43":1,"44":1,"45":1,"46":1,"47":0,"48":0,"49":1,"50":1,"51":1,"52":1,"53":1,"54":1,"55":1,"56":1,"57":1,"58":1,"59":1,"60":1,"61":1,"62":1,"63":1,"64":1,"65":1,"66":1,"67":1,"68":1,"69":1,"70":1,"71":1,"72":1,"73":1,"74":1,"75":1,"76":1,"77":1,"78":1,"79":1,"80":1,"81":1,"82":1,"83":1,"84":1,"85":1,"86":1,"87":1,"88":1,"89":1,"90":1,"91":1,"92":1,"93":1,"94":1,"95":1,"96":1,"97":1,"98":1,"99":1,"100":1,"101":1,"102":1,"103":3,"104":1,"105":1,"106":1,"107":1,"108":1,"109":1,"110":1},"f":{"0":1,"1":1,"2":1,"3":1,"4":1,"5":1,"6":1,"7":1,"8":1,"9":1,"10":1,"11":1,"12":3},"b":{"0":[1,0]}}
,"/Users/joepegler/Workspace/abstractjs/src/sdk/account/toNexusAccount.ts": {"path":"/Users/joepegler/Workspace/abstractjs/src/sdk/account/toNexusAccount.ts","statementMap":{"0":{"start":{"line":207,"column":30},"end":{"line":631,"column":null}},"1":{"start":{"line":229,"column":6},"end":{"line":229,"column":null}},"2":{"start":{"line":232,"column":17},"end":{"line":232,"column":null}},"3":{"start":{"line":233,"column":23},"end":{"line":239,"column":null}},"4":{"start":{"line":240,"column":24},"end":{"line":240,"column":null}},"5":{"start":{"line":241,"column":23},"end":{"line":241,"column":null}},"6":{"start":{"line":243,"column":29},"end":{"line":250,"column":null}},"7":{"start":{"line":252,"column":28},"end":{"line":252,"column":null}},"8":{"start":{"line":253,"column":22},"end":{"line":270,"column":null}},"9":{"start":{"line":276,"column":22},"end":{"line":276,"column":null}},"10":{"start":{"line":276,"column":28},"end":{"line":276,"column":null}},"11":{"start":{"line":278,"column":45},"end":{"line":278,"column":null}},"12":{"start":{"line":284,"column":35},"end":{"line":321,"column":null}},"13":{"start":{"line":285,"column":4},"end":{"line":285,"column":null}},"14":{"start":{"line":285,"column":45},"end":{"line":285,"column":null}},"15":{"start":{"line":286,"column":4},"end":{"line":297,"column":null}},"16":{"start":{"line":287,"column":6},"end":{"line":287,"column":null}},"17":{"start":{"line":290,"column":6},"end":{"line":296,"column":null}},"18":{"start":{"line":291,"column":40},"end":{"line":291,"column":null}},"19":{"start":{"line":292,"column":8},"end":{"line":295,"column":null}},"20":{"start":{"line":293,"column":10},"end":{"line":293,"column":null}},"21":{"start":{"line":294,"column":10},"end":{"line":294,"column":null}},"22":{"start":{"line":299,"column":31},"end":{"line":313,"column":null}},"23":{"start":{"line":315,"column":4},"end":{"line":318,"column":null}},"24":{"start":{"line":316,"column":6},"end":{"line":316,"column":null}},"25":{"start":{"line":317,"column":6},"end":{"line":317,"column":null}},"26":{"start":{"line":320,"column":4},"end":{"line":320,"column":null}},"27":{"start":{"line":324,"column":4},"end":{"line":331,"column":null}},"28":{"start":{"line":337,"column":21},"end":{"line":341,"column":null}},"29":{"start":{"line":338,"column":20},"end":{"line":338,"column":null}},"30":{"start":{"line":339,"column":25},"end":{"line":339,"column":null}},"31":{"start":{"line":340,"column":4},"end":{"line":340,"column":null}},"32":{"start":{"line":348,"column":24},"end":{"line":354,"column":null}},"33":{"start":{"line":349,"column":4},"end":{"line":354,"column":null}},"34":{"start":{"line":362,"column":29},"end":{"line":392,"column":null}},"35":{"start":{"line":366,"column":45},"end":{"line":373,"column":null}},"36":{"start":{"line":375,"column":23},"end":{"line":379,"column":null}},"37":{"start":{"line":375,"column":42},"end":{"line":379,"column":6}},"38":{"start":{"line":381,"column":34},"end":{"line":384,"column":null}},"39":{"start":{"line":385,"column":4},"end":{"line":391,"column":null}},"40":{"start":{"line":400,"column":24},"end":{"line":416,"column":null}},"41":{"start":{"line":404,"column":30},"end":{"line":407,"column":null}},"42":{"start":{"line":409,"column":4},"end":{"line":415,"column":null}},"43":{"start":{"line":423,"column":19},"end":{"line":446,"column":null}},"44":{"start":{"line":428,"column":4},"end":{"line":445,"column":null}},"45":{"start":{"line":429,"column":35},"end":{"line":429,"column":null}},"46":{"start":{"line":430,"column":27},"end":{"line":430,"column":null}},"47":{"start":{"line":431,"column":38},"end":{"line":431,"column":null}},"48":{"start":{"line":432,"column":26},"end":{"line":436,"column":null}},"49":{"start":{"line":438,"column":29},"end":{"line":438,"column":null}},"50":{"start":{"line":439,"column":6},"end":{"line":442,"column":null}},"51":{"start":{"line":444,"column":6},"end":{"line":444,"column":null}},"52":{"start":{"line":452,"column":20},"end":{"line":454,"column":null}},"53":{"start":{"line":453,"column":4},"end":{"line":453,"column":null}},"54":{"start":{"line":462,"column":22},"end":{"line":495,"column":null}},"55":{"start":{"line":465,"column":26},"end":{"line":465,"column":null}},"56":{"start":{"line":467,"column":22},"end":{"line":470,"column":null}},"57":{"start":{"line":472,"column":29},"end":{"line":491,"column":null}},"58":{"start":{"line":493,"column":30},"end":{"line":493,"column":null}},"59":{"start":{"line":494,"column":4},"end":{"line":494,"column":null}},"60":{"start":{"line":506,"column":60},"end":{"line":506,"column":null}},"61":{"start":{"line":508,"column":4},"end":{"line":508,"column":null}},"62":{"start":{"line":508,"column":17},"end":{"line":508,"column":null}},"63":{"start":{"line":509,"column":4},"end":{"line":509,"column":null}},"64":{"start":{"line":509,"column":18},"end":{"line":509,"column":null}},"65":{"start":{"line":511,"column":18},"end":{"line":514,"column":null}},"66":{"start":{"line":517,"column":30},"end":{"line":517,"column":null}},"67":{"start":{"line":520,"column":4},"end":{"line":525,"column":null}},"68":{"start":{"line":527,"column":31},"end":{"line":527,"column":null}},"69":{"start":{"line":528,"column":38},"end":{"line":531,"column":null}},"70":{"start":{"line":533,"column":29},"end":{"line":544,"column":null}},"71":{"start":{"line":546,"column":29},"end":{"line":549,"column":null}},"72":{"start":{"line":551,"column":20},"end":{"line":551,"column":null}},"73":{"start":{"line":553,"column":25},"end":{"line":553,"column":null}},"74":{"start":{"line":555,"column":26},"end":{"line":561,"column":null}},"75":{"start":{"line":563,"column":4},"end":{"line":566,"column":null}},"76":{"start":{"line":568,"column":4},"end":{"line":568,"column":null}},"77":{"start":{"line":571,"column":2},"end":{"line":630,"column":null}},"78":{"start":{"line":580,"column":6},"end":{"line":582,"column":null}},"79":{"start":{"line":584,"column":33},"end":{"line":584,"column":null}},"80":{"start":{"line":585,"column":48},"end":{"line":585,"column":null}},"81":{"start":{"line":594,"column":8},"end":{"line":594,"column":null}},"82":{"start":{"line":595,"column":22},"end":{"line":595,"column":null}},"83":{"start":{"line":597,"column":28},"end":{"line":600,"column":null}},"84":{"start":{"line":602,"column":19},"end":{"line":607,"column":null}},"85":{"start":{"line":608,"column":6},"end":{"line":608,"column":null}},"86":{"start":{"line":620,"column":23},"end":{"line":620,"column":null}}},"fnMap":{"0":{"name":"(anonymous_0)","decl":{"start":{"line":207,"column":30},"end":{"line":207,"column":null}},"loc":{"start":{"line":209,"column":28},"end":{"line":631,"column":null}}},"1":{"name":"(anonymous_1)","decl":{"start":{"line":276,"column":22},"end":{"line":276,"column":28}},"loc":{"start":{"line":276,"column":28},"end":{"line":276,"column":null}}},"2":{"name":"(anonymous_2)","decl":{"start":{"line":284,"column":35},"end":{"line":284,"column":65}},"loc":{"start":{"line":284,"column":65},"end":{"line":321,"column":null}}},"3":{"name":"(anonymous_3)","decl":{"start":{"line":337,"column":21},"end":{"line":337,"column":51}},"loc":{"start":{"line":337,"column":51},"end":{"line":341,"column":null}}},"4":{"name":"(anonymous_4)","decl":{"start":{"line":348,"column":24},"end":{"line":348,"column":25}},"loc":{"start":{"line":349,"column":4},"end":{"line":354,"column":null}}},"5":{"name":"(anonymous_5)","decl":{"start":{"line":362,"column":29},"end":{"line":362,"column":null}},"loc":{"start":{"line":365,"column":21},"end":{"line":392,"column":null}}},"6":{"name":"(anonymous_6)","decl":{"start":{"line":375,"column":33},"end":{"line":375,"column":34}},"loc":{"start":{"line":375,"column":42},"end":{"line":379,"column":6}}},"7":{"name":"(anonymous_7)","decl":{"start":{"line":400,"column":24},"end":{"line":400,"column":null}},"loc":{"start":{"line":403,"column":21},"end":{"line":416,"column":null}}},"8":{"name":"(anonymous_8)","decl":{"start":{"line":423,"column":19},"end":{"line":423,"column":26}},"loc":{"start":{"line":427,"column":25},"end":{"line":446,"column":null}}},"9":{"name":"(anonymous_9)","decl":{"start":{"line":452,"column":20},"end":{"line":452,"column":21}},"loc":{"start":{"line":452,"column":56},"end":{"line":454,"column":null}}},"10":{"name":"(anonymous_10)","decl":{"start":{"line":462,"column":22},"end":{"line":462,"column":29}},"loc":{"start":{"line":464,"column":52},"end":{"line":495,"column":null}}},"11":{"name":"signTypedData","decl":{"start":{"line":502,"column":17},"end":{"line":502,"column":null}},"loc":{"start":{"line":505,"column":75},"end":{"line":569,"column":null}}},"12":{"name":"(anonymous_12)","decl":{"start":{"line":579,"column":17},"end":{"line":579,"column":18}},"loc":{"start":{"line":579,"column":59},"end":{"line":583,"column":null}}},"13":{"name":"(anonymous_13)","decl":{"start":{"line":584,"column":20},"end":{"line":584,"column":33}},"loc":{"start":{"line":584,"column":33},"end":{"line":584,"column":null}}},"14":{"name":"(anonymous_14)","decl":{"start":{"line":585,"column":22},"end":{"line":585,"column":48}},"loc":{"start":{"line":585,"column":48},"end":{"line":585,"column":null}}},"15":{"name":"(anonymous_15)","decl":{"start":{"line":588,"column":23},"end":{"line":588,"column":null}},"loc":{"start":{"line":592,"column":23},"end":{"line":609,"column":null}}},"16":{"name":"(anonymous_16)","decl":{"start":{"line":620,"column":17},"end":{"line":620,"column":23}},"loc":{"start":{"line":620,"column":23},"end":{"line":620,"column":null}}}},"branchMap":{"0":{"loc":{"start":{"line":214,"column":4},"end":{"line":214,"column":null}},"type":"default-arg","locations":[{"start":{"line":214,"column":12},"end":{"line":214,"column":null}}]},"1":{"loc":{"start":{"line":216,"column":4},"end":{"line":216,"column":null}},"type":"default-arg","locations":[{"start":{"line":216,"column":21},"end":{"line":216,"column":null}}]},"2":{"loc":{"start":{"line":217,"column":4},"end":{"line":217,"column":null}},"type":"default-arg","locations":[{"start":{"line":217,"column":23},"end":{"line":217,"column":null}}]},"3":{"loc":{"start":{"line":218,"column":4},"end":{"line":218,"column":null}},"type":"default-arg","locations":[{"start":{"line":218,"column":10},"end":{"line":218,"column":null}}]},"4":{"loc":{"start":{"line":219,"column":4},"end":{"line":219,"column":null}},"type":"default-arg","locations":[{"start":{"line":219,"column":11},"end":{"line":219,"column":null}}]},"5":{"loc":{"start":{"line":220,"column":15},"end":{"line":223,"column":null}},"type":"default-arg","locations":[{"start":{"line":220,"column":28},"end":{"line":223,"column":null}}]},"6":{"loc":{"start":{"line":224,"column":4},"end":{"line":224,"column":null}},"type":"default-arg","locations":[{"start":{"line":224,"column":24},"end":{"line":224,"column":null}}]},"7":{"loc":{"start":{"line":225,"column":4},"end":{"line":225,"column":null}},"type":"default-arg","locations":[{"start":{"line":225,"column":23},"end":{"line":225,"column":null}}]},"8":{"loc":{"start":{"line":226,"column":4},"end":{"line":226,"column":null}},"type":"default-arg","locations":[{"start":{"line":226,"column":22},"end":{"line":226,"column":null}}]},"9":{"loc":{"start":{"line":227,"column":4},"end":{"line":227,"column":null}},"type":"default-arg","locations":[{"start":{"line":227,"column":18},"end":{"line":227,"column":null}}]},"10":{"loc":{"start":{"line":252,"column":28},"end":{"line":252,"column":null}},"type":"binary-expr","locations":[{"start":{"line":252,"column":28},"end":{"line":252,"column":50}},{"start":{"line":252,"column":50},"end":{"line":252,"column":null}}]},"11":{"loc":{"start":{"line":253,"column":22},"end":{"line":270,"column":null}},"type":"cond-expr","locations":[{"start":{"line":254,"column":6},"end":{"line":259,"column":null}},{"start":{"line":260,"column":6},"end":{"line":270,"column":null}}]},"12":{"loc":{"start":{"line":285,"column":4},"end":{"line":285,"column":null}},"type":"if","locations":[{"start":{"line":285,"column":4},"end":{"line":285,"column":null}},{"start":{},"end":{}}]},"13":{"loc":{"start":{"line":290,"column":6},"end":{"line":296,"column":null}},"type":"if","locations":[{"start":{"line":290,"column":6},"end":{"line":296,"column":null}},{"start":{},"end":{}}]},"14":{"loc":{"start":{"line":292,"column":8},"end":{"line":295,"column":null}},"type":"if","locations":[{"start":{"line":292,"column":8},"end":{"line":295,"column":null}},{"start":{},"end":{}}]},"15":{"loc":{"start":{"line":299,"column":31},"end":{"line":313,"column":null}},"type":"cond-expr","locations":[{"start":{"line":300,"column":8},"end":{"line":307,"column":null}},{"start":{"line":308,"column":8},"end":{"line":313,"column":null}}]},"16":{"loc":{"start":{"line":315,"column":4},"end":{"line":318,"column":null}},"type":"if","locations":[{"start":{"line":315,"column":4},"end":{"line":318,"column":null}},{"start":{},"end":{}}]},"17":{"loc":{"start":{"line":324,"column":4},"end":{"line":331,"column":null}},"type":"binary-expr","locations":[{"start":{"line":324,"column":4},"end":{"line":324,"column":null}},{"start":{"line":325,"column":4},"end":{"line":331,"column":null}}]},"18":{"loc":{"start":{"line":340,"column":12},"end":{"line":340,"column":41}},"type":"binary-expr","locations":[{"start":{"line":340,"column":12},"end":{"line":340,"column":36}},{"start":{"line":340,"column":36},"end":{"line":340,"column":41}}]},"19":{"loc":{"start":{"line":364,"column":4},"end":{"line":364,"column":null}},"type":"default-arg","locations":[{"start":{"line":364,"column":11},"end":{"line":364,"column":null}}]},"20":{"loc":{"start":{"line":377,"column":16},"end":{"line":377,"column":null}},"type":"binary-expr","locations":[{"start":{"line":377,"column":16},"end":{"line":377,"column":27}},{"start":{"line":377,"column":27},"end":{"line":377,"column":null}}]},"21":{"loc":{"start":{"line":378,"column":20},"end":{"line":378,"column":34}},"type":"binary-expr","locations":[{"start":{"line":378,"column":20},"end":{"line":378,"column":32}},{"start":{"line":378,"column":32},"end":{"line":378,"column":34}}]},"22":{"loc":{"start":{"line":402,"column":4},"end":{"line":402,"column":null}},"type":"default-arg","locations":[{"start":{"line":402,"column":11},"end":{"line":402,"column":null}}]},"23":{"loc":{"start":{"line":406,"column":30},"end":{"line":406,"column":46}},"type":"binary-expr","locations":[{"start":{"line":406,"column":30},"end":{"line":406,"column":44}},{"start":{"line":406,"column":44},"end":{"line":406,"column":46}}]},"24":{"loc":{"start":{"line":406,"column":50},"end":{"line":406,"column":75}},"type":"binary-expr","locations":[{"start":{"line":406,"column":50},"end":{"line":406,"column":63}},{"start":{"line":406,"column":63},"end":{"line":406,"column":75}}]},"25":{"loc":{"start":{"line":430,"column":34},"end":{"line":430,"column":55}},"type":"binary-expr","locations":[{"start":{"line":430,"column":34},"end":{"line":430,"column":53}},{"start":{"line":430,"column":53},"end":{"line":430,"column":55}}]},"26":{"loc":{"start":{"line":431,"column":38},"end":{"line":431,"column":null}},"type":"binary-expr","locations":[{"start":{"line":431,"column":38},"end":{"line":431,"column":68}},{"start":{"line":431,"column":68},"end":{"line":431,"column":null}}]},"27":{"loc":{"start":{"line":435,"column":8},"end":{"line":435,"column":null}},"type":"binary-expr","locations":[{"start":{"line":435,"column":8},"end":{"line":435,"column":38}},{"start":{"line":435,"column":38},"end":{"line":435,"column":null}}]},"28":{"loc":{"start":{"line":494,"column":11},"end":{"line":494,"column":null}},"type":"cond-expr","locations":[{"start":{"line":494,"column":31},"end":{"line":494,"column":43}},{"start":{"line":494,"column":43},"end":{"line":494,"column":null}}]},"29":{"loc":{"start":{"line":508,"column":4},"end":{"line":508,"column":null}},"type":"if","locations":[{"start":{"line":508,"column":4},"end":{"line":508,"column":null}},{"start":{},"end":{}}]},"30":{"loc":{"start":{"line":509,"column":4},"end":{"line":509,"column":null}},"type":"if","locations":[{"start":{"line":509,"column":4},"end":{"line":509,"column":null}},{"start":{},"end":{}}]},"31":{"loc":{"start":{"line":580,"column":13},"end":{"line":582,"column":null}},"type":"cond-expr","locations":[{"start":{"line":581,"column":10},"end":{"line":581,"column":null}},{"start":{"line":582,"column":10},"end":{"line":582,"column":null}}]},"32":{"loc":{"start":{"line":593,"column":14},"end":{"line":593,"column":47}},"type":"default-arg","locations":[{"start":{"line":593,"column":24},"end":{"line":593,"column":47}}]}},"s":{"0":63,"1":115,"2":115,"3":115,"4":115,"5":115,"6":115,"7":115,"8":115,"9":115,"10":150,"11":115,"12":115,"13":483,"14":376,"15":107,"16":107,"17":107,"18":106,"19":106,"20":105,"21":105,"22":2,"23":2,"24":2,"25":2,"26":0,"27":115,"28":115,"29":6,"30":6,"31":6,"32":115,"33":6,"34":115,"35":33,"36":33,"37":67,"38":33,"39":33,"40":115,"41":155,"42":155,"43":115,"44":125,"45":125,"46":125,"47":125,"48":125,"49":125,"50":125,"51":0,"52":115,"53":13,"54":115,"55":6,"56":6,"57":6,"58":6,"59":6,"60":2,"61":2,"62":0,"63":2,"64":0,"65":2,"66":2,"67":2,"68":2,"69":2,"70":2,"71":1,"72":1,"73":1,"74":1,"75":1,"76":1,"77":115,"78":162,"79":20,"80":86,"81":70,"82":70,"83":70,"84":70,"85":70,"86":4},"f":{"0":115,"1":150,"2":483,"3":6,"4":6,"5":33,"6":67,"7":155,"8":125,"9":13,"10":6,"11":2,"12":162,"13":20,"14":86,"15":70,"16":4},"b":{"0":[100],"1":[19],"2":[19],"3":[115],"4":[115],"5":[38],"6":[115],"7":[115],"8":[115],"9":[37],"10":[115,113],"11":[37,78],"12":[376,107],"13":[106,1],"14":[105,1],"15":[0,2],"16":[2,0],"17":[115,115],"18":[6,0],"19":[33],"20":[67,10],"21":[67,14],"22":[155],"23":[155,41],"24":[155,80],"25":[125,0],"26":[125,125],"27":[125,125],"28":[6,0],"29":[0,2],"30":[0,2],"31":[135,27],"32":[70]}}
,"/Users/joepegler/Workspace/abstractjs/src/sdk/account/decorators/build.test.ts": {"path":"/Users/joepegler/Workspace/abstractjs/src/sdk/account/decorators/build.test.ts","statementMap":{"0":{"start":{"line":13,"column":0},"end":{"line":109,"column":null}},"1":{"start":{"line":24,"column":2},"end":{"line":37,"column":null}},"2":{"start":{"line":25,"column":4},"end":{"line":25,"column":null}},"3":{"start":{"line":26,"column":5},"end":{"line":26,"column":null}},"4":{"start":{"line":28,"column":4},"end":{"line":28,"column":null}},"5":{"start":{"line":30,"column":4},"end":{"line":34,"column":null}},"6":{"start":{"line":36,"column":4},"end":{"line":36,"column":null}},"7":{"start":{"line":39,"column":2},"end":{"line":72,"column":null}},"8":{"start":{"line":40,"column":25},"end":{"line":55,"column":null}},"9":{"start":{"line":57,"column":4},"end":{"line":70,"column":null}},"10":{"start":{"line":71,"column":4},"end":{"line":71,"column":null}},"11":{"start":{"line":74,"column":2},"end":{"line":108,"column":null}},"12":{"start":{"line":75,"column":32},"end":{"line":85,"column":null}},"13":{"start":{"line":87,"column":25},"end":{"line":102,"column":null}},"14":{"start":{"line":104,"column":4},"end":{"line":104,"column":null}},"15":{"start":{"line":105,"column":4},"end":{"line":105,"column":null}},"16":{"start":{"line":105,"column":35},"end":{"line":105,"column":null}},"17":{"start":{"line":106,"column":4},"end":{"line":106,"column":null}},"18":{"start":{"line":107,"column":4},"end":{"line":107,"column":null}}},"fnMap":{"0":{"name":"(anonymous_0)","decl":{"start":{"line":13,"column":22},"end":{"line":13,"column":28}},"loc":{"start":{"line":13,"column":28},"end":{"line":109,"column":1}}},"1":{"name":"(anonymous_1)","decl":{"start":{"line":24,"column":12},"end":{"line":24,"column":24}},"loc":{"start":{"line":24,"column":24},"end":{"line":37,"column":3}}},"2":{"name":"(anonymous_2)","decl":{"start":{"line":39,"column":66},"end":{"line":39,"column":78}},"loc":{"start":{"line":39,"column":78},"end":{"line":72,"column":3}}},"3":{"name":"(anonymous_3)","decl":{"start":{"line":74,"column":65},"end":{"line":74,"column":77}},"loc":{"start":{"line":74,"column":77},"end":{"line":108,"column":3}}}},"branchMap":{"0":{"loc":{"start":{"line":105,"column":4},"end":{"line":105,"column":null}},"type":"if","locations":[{"start":{"line":105,"column":4},"end":{"line":105,"column":null}},{"start":{},"end":{}}]}},"s":{"0":1,"1":1,"2":1,"3":1,"4":1,"5":1,"6":1,"7":1,"8":1,"9":1,"10":1,"11":1,"12":1,"13":1,"14":1,"15":1,"16":1,"17":0,"18":0},"f":{"0":1,"1":1,"2":1,"3":1},"b":{"0":[1,0]}}
,"/Users/joepegler/Workspace/abstractjs/src/sdk/account/decorators/build.ts": {"path":"/Users/joepegler/Workspace/abstractjs/src/sdk/account/decorators/build.ts","statementMap":{"0":{"start":{"line":159,"column":21},"end":{"line":191,"column":null}},"1":{"start":{"line":163,"column":25},"end":{"line":163,"column":null}},"2":{"start":{"line":165,"column":2},"end":{"line":190,"column":null}},"3":{"start":{"line":167,"column":6},"end":{"line":167,"column":null}},"4":{"start":{"line":170,"column":6},"end":{"line":170,"column":null}},"5":{"start":{"line":173,"column":6},"end":{"line":173,"column":null}},"6":{"start":{"line":176,"column":6},"end":{"line":176,"column":null}},"7":{"start":{"line":179,"column":6},"end":{"line":179,"column":null}},"8":{"start":{"line":182,"column":6},"end":{"line":182,"column":null}},"9":{"start":{"line":185,"column":6},"end":{"line":185,"column":null}},"10":{"start":{"line":188,"column":6},"end":{"line":188,"column":null}}},"fnMap":{"0":{"name":"(anonymous_0)","decl":{"start":{"line":159,"column":21},"end":{"line":159,"column":null}},"loc":{"start":{"line":162,"column":29},"end":{"line":191,"column":null}}}},"branchMap":{"0":{"loc":{"start":{"line":165,"column":2},"end":{"line":190,"column":null}},"type":"switch","locations":[{"start":{"line":166,"column":4},"end":{"line":168,"column":null}},{"start":{"line":169,"column":4},"end":{"line":171,"column":null}},{"start":{"line":172,"column":4},"end":{"line":174,"column":null}},{"start":{"line":175,"column":4},"end":{"line":177,"column":null}},{"start":{"line":178,"column":4},"end":{"line":180,"column":null}},{"start":{"line":181,"column":4},"end":{"line":183,"column":null}},{"start":{"line":184,"column":4},"end":{"line":186,"column":null}},{"start":{"line":187,"column":4},"end":{"line":189,"column":null}}]}},"s":{"0":63,"1":25,"2":25,"3":5,"4":9,"5":8,"6":1,"7":2,"8":0,"9":0,"10":0},"f":{"0":25},"b":{"0":[5,9,8,1,2,0,0,0]}}
,"/Users/joepegler/Workspace/abstractjs/src/sdk/account/decorators/buildBridgeInstructions.test.ts": {"path":"/Users/joepegler/Workspace/abstractjs/src/sdk/account/decorators/buildBridgeInstructions.test.ts","statementMap":{"0":{"start":{"line":14,"column":0},"end":{"line":63,"column":null}},"1":{"start":{"line":25,"column":2},"end":{"line":38,"column":null}},"2":{"start":{"line":26,"column":4},"end":{"line":26,"column":null}},"3":{"start":{"line":27,"column":5},"end":{"line":27,"column":null}},"4":{"start":{"line":29,"column":4},"end":{"line":29,"column":null}},"5":{"start":{"line":31,"column":4},"end":{"line":35,"column":null}},"6":{"start":{"line":37,"column":4},"end":{"line":37,"column":null}},"7":{"start":{"line":40,"column":2},"end":{"line":62,"column":null}},"8":{"start":{"line":41,"column":27},"end":{"line":41,"column":null}},"9":{"start":{"line":42,"column":20},"end":{"line":48,"column":null}},"10":{"start":{"line":50,"column":4},"end":{"line":50,"column":null}},"11":{"start":{"line":51,"column":4},"end":{"line":51,"column":null}},"12":{"start":{"line":53,"column":4},"end":{"line":53,"column":null}},"13":{"start":{"line":54,"column":4},"end":{"line":54,"column":null}},"14":{"start":{"line":54,"column":43},"end":{"line":54,"column":null}},"15":{"start":{"line":55,"column":4},"end":{"line":55,"column":null}},"16":{"start":{"line":56,"column":4},"end":{"line":56,"column":null}},"17":{"start":{"line":57,"column":4},"end":{"line":57,"column":null}},"18":{"start":{"line":58,"column":4},"end":{"line":58,"column":null}},"19":{"start":{"line":59,"column":4},"end":{"line":61,"column":null}}},"fnMap":{"0":{"name":"(anonymous_0)","decl":{"start":{"line":14,"column":40},"end":{"line":14,"column":46}},"loc":{"start":{"line":14,"column":46},"end":{"line":63,"column":1}}},"1":{"name":"(anonymous_1)","decl":{"start":{"line":25,"column":12},"end":{"line":25,"column":24}},"loc":{"start":{"line":25,"column":24},"end":{"line":38,"column":3}}},"2":{"name":"(anonymous_2)","decl":{"start":{"line":40,"column":54},"end":{"line":40,"column":66}},"loc":{"start":{"line":40,"column":66},"end":{"line":62,"column":3}}}},"branchMap":{"0":{"loc":{"start":{"line":54,"column":4},"end":{"line":54,"column":null}},"type":"if","locations":[{"start":{"line":54,"column":4},"end":{"line":54,"column":null}},{"start":{},"end":{}}]}},"s":{"0":1,"1":1,"2":1,"3":1,"4":1,"5":1,"6":1,"7":1,"8":1,"9":1,"10":1,"11":1,"12":1,"13":1,"14":1,"15":0,"16":0,"17":0,"18":0,"19":0},"f":{"0":1,"1":1,"2":1},"b":{"0":[1,0]}}
,"/Users/joepegler/Workspace/abstractjs/src/sdk/account/decorators/buildBridgeInstructions.ts": {"path":"/Users/joepegler/Workspace/abstractjs/src/sdk/account/decorators/buildBridgeInstructions.ts","statementMap":{"0":{"start":{"line":150,"column":39},"end":{"line":313,"column":null}},"1":{"start":{"line":163,"column":6},"end":{"line":163,"column":null}},"2":{"start":{"line":165,"column":23},"end":{"line":175,"column":null}},"3":{"start":{"line":167,"column":6},"end":{"line":167,"column":null}},"4":{"start":{"line":170,"column":31},"end":{"line":173,"column":null}},"5":{"start":{"line":179,"column":4},"end":{"line":180,"column":null}},"6":{"start":{"line":179,"column":41},"end":{"line":179,"column":65}},"7":{"start":{"line":183,"column":2},"end":{"line":191,"column":null}},"8":{"start":{"line":184,"column":4},"end":{"line":190,"column":null}},"9":{"start":{"line":194,"column":25},"end":{"line":194,"column":null}},"10":{"start":{"line":197,"column":25},"end":{"line":220,"column":null}},"11":{"start":{"line":198,"column":25},"end":{"line":198,"column":55}},"12":{"start":{"line":202,"column":8},"end":{"line":202,"column":null}},"13":{"start":{"line":206,"column":8},"end":{"line":206,"column":null}},"14":{"start":{"line":209,"column":8},"end":{"line":213,"column":null}},"15":{"start":{"line":215,"column":6},"end":{"line":218,"column":null}},"16":{"start":{"line":220,"column":25},"end":{"line":220,"column":45}},"17":{"start":{"line":223,"column":17},"end":{"line":233,"column":null}},"18":{"start":{"line":225,"column":20},"end":{"line":225,"column":null}},"19":{"start":{"line":226,"column":6},"end":{"line":230,"column":null}},"20":{"start":{"line":227,"column":8},"end":{"line":229,"column":null}},"21":{"start":{"line":231,"column":6},"end":{"line":231,"column":null}},"22":{"start":{"line":236,"column":24},"end":{"line":250,"column":null}},"23":{"start":{"line":237,"column":22},"end":{"line":237,"column":null}},"24":{"start":{"line":238,"column":4},"end":{"line":238,"column":null}},"25":{"start":{"line":238,"column":20},"end":{"line":238,"column":null}},"26":{"start":{"line":240,"column":4},"end":{"line":249,"column":null}},"27":{"start":{"line":241,"column":6},"end":{"line":248,"column":null}},"28":{"start":{"line":251,"column":8},"end":{"line":258,"column":null}},"29":{"start":{"line":252,"column":53},"end":{"line":252,"column":68}},"30":{"start":{"line":256,"column":8},"end":{"line":257,"column":null}},"31":{"start":{"line":262,"column":4},"end":{"line":294,"column":null}},"32":{"start":{"line":264,"column":8},"end":{"line":264,"column":null}},"33":{"start":{"line":264,"column":39},"end":{"line":264,"column":null}},"34":{"start":{"line":267,"column":10},"end":{"line":269,"column":null}},"35":{"start":{"line":272,"column":11},"end":{"line":272,"column":null}},"36":{"start":{"line":274,"column":8},"end":{"line":286,"column":null}},"37":{"start":{"line":297,"column":2},"end":{"line":304,"column":null}},"38":{"start":{"line":298,"column":4},"end":{"line":303,"column":null}},"39":{"start":{"line":306,"column":2},"end":{"line":312,"column":null}}},"fnMap":{"0":{"name":"(anonymous_0)","decl":{"start":{"line":150,"column":39},"end":{"line":150,"column":null}},"loc":{"start":{"line":154,"column":36},"end":{"line":313,"column":null}}},"1":{"name":"(anonymous_1)","decl":{"start":{"line":166,"column":8},"end":{"line":166,"column":9}},"loc":{"start":{"line":167,"column":6},"end":{"line":167,"column":null}}},"2":{"name":"(anonymous_2)","decl":{"start":{"line":170,"column":6},"end":{"line":170,"column":7}},"loc":{"start":{"line":170,"column":31},"end":{"line":173,"column":null}}},"3":{"name":"(anonymous_3)","decl":{"start":{"line":179,"column":34},"end":{"line":179,"column":35}},"loc":{"start":{"line":179,"column":41},"end":{"line":179,"column":65}}},"4":{"name":"(anonymous_4)","decl":{"start":{"line":198,"column":12},"end":{"line":198,"column":13}},"loc":{"start":{"line":198,"column":25},"end":{"line":198,"column":55}}},"5":{"name":"(anonymous_5)","decl":{"start":{"line":199,"column":9},"end":{"line":199,"column":10}},"loc":{"start":{"line":199,"column":23},"end":{"line":219,"column":5}}},"6":{"name":"(anonymous_6)","decl":{"start":{"line":220,"column":12},"end":{"line":220,"column":13}},"loc":{"start":{"line":220,"column":25},"end":{"line":220,"column":45}}},"7":{"name":"(anonymous_7)","decl":{"start":{"line":224,"column":28},"end":{"line":224,"column":29}},"loc":{"start":{"line":224,"column":44},"end":{"line":232,"column":5}}},"8":{"name":"(anonymous_8)","decl":{"start":{"line":236,"column":47},"end":{"line":236,"column":48}},"loc":{"start":{"line":236,"column":59},"end":{"line":250,"column":3}}},"9":{"name":"(anonymous_9)","decl":{"start":{"line":240,"column":31},"end":{"line":240,"column":32}},"loc":{"start":{"line":241,"column":6},"end":{"line":248,"column":null}}},"10":{"name":"(anonymous_10)","decl":{"start":{"line":252,"column":12},"end":{"line":252,"column":13}},"loc":{"start":{"line":252,"column":53},"end":{"line":252,"column":68}}},"11":{"name":"(anonymous_11)","decl":{"start":{"line":255,"column":6},"end":{"line":255,"column":7}},"loc":{"start":{"line":256,"column":8},"end":{"line":257,"column":null}}},"12":{"name":"(anonymous_12)","decl":{"start":{"line":263,"column":6},"end":{"line":263,"column":7}},"loc":{"start":{"line":263,"column":23},"end":{"line":287,"column":null}}}},"branchMap":{"0":{"loc":{"start":{"line":160,"column":4},"end":{"line":160,"column":null}},"type":"default-arg","locations":[{"start":{"line":160,"column":22},"end":{"line":160,"column":null}}]},"1":{"loc":{"start":{"line":162,"column":4},"end":{"line":162,"column":null}},"type":"default-arg","locations":[{"start":{"line":162,"column":11},"end":{"line":162,"column":null}}]},"2":{"loc":{"start":{"line":167,"column":6},"end":{"line":167,"column":null}},"type":"binary-expr","locations":[{"start":{"line":167,"column":6},"end":{"line":167,"column":57}},{"start":{"line":167,"column":57},"end":{"line":167,"column":null}}]},"3":{"loc":{"start":{"line":179,"column":4},"end":{"line":180,"column":null}},"type":"binary-expr","locations":[{"start":{"line":179,"column":4},"end":{"line":179,"column":null}},{"start":{"line":180,"column":4},"end":{"line":180,"column":null}}]},"4":{"loc":{"start":{"line":183,"column":2},"end":{"line":191,"column":null}},"type":"if","locations":[{"start":{"line":183,"column":2},"end":{"line":191,"column":null}},{"start":{},"end":{}}]},"5":{"loc":{"start":{"line":202,"column":8},"end":{"line":202,"column":null}},"type":"cond-expr","locations":[{"start":{"line":202,"column":27},"end":{"line":202,"column":38}},{"start":{"line":202,"column":38},"end":{"line":202,"column":null}}]},"6":{"loc":{"start":{"line":206,"column":8},"end":{"line":206,"column":null}},"type":"binary-expr","locations":[{"start":{"line":206,"column":8},"end":{"line":206,"column":19}},{"start":{"line":206,"column":19},"end":{"line":206,"column":null}}]},"7":{"loc":{"start":{"line":209,"column":8},"end":{"line":213,"column":null}},"type":"cond-expr","locations":[{"start":{"line":210,"column":12},"end":{"line":212,"column":null}},{"start":{"line":213,"column":12},"end":{"line":213,"column":null}}]},"8":{"loc":{"start":{"line":209,"column":8},"end":{"line":209,"column":null}},"type":"binary-expr","locations":[{"start":{"line":209,"column":8},"end":{"line":209,"column":22}},{"start":{"line":209,"column":22},"end":{"line":209,"column":null}}]},"9":{"loc":{"start":{"line":210,"column":12},"end":{"line":212,"column":null}},"type":"cond-expr","locations":[{"start":{"line":211,"column":14},"end":{"line":211,"column":null}},{"start":{"line":212,"column":14},"end":{"line":212,"column":null}}]},"10":{"loc":{"start":{"line":226,"column":6},"end":{"line":230,"column":null}},"type":"if","locations":[{"start":{"line":226,"column":6},"end":{"line":230,"column":null}},{"start":{},"end":{}}]},"11":{"loc":{"start":{"line":238,"column":4},"end":{"line":238,"column":null}},"type":"if","locations":[{"start":{"line":238,"column":4},"end":{"line":238,"column":null}},{"start":{},"end":{}}]},"12":{"loc":{"start":{"line":264,"column":8},"end":{"line":264,"column":null}},"type":"if","locations":[{"start":{"line":264,"column":8},"end":{"line":264,"column":null}},{"start":{},"end":{}}]},"13":{"loc":{"start":{"line":267,"column":10},"end":{"line":269,"column":null}},"type":"cond-expr","locations":[{"start":{"line":268,"column":14},"end":{"line":268,"column":null}},{"start":{"line":269,"column":14},"end":{"line":269,"column":null}}]},"14":{"loc":{"start":{"line":297,"column":2},"end":{"line":304,"column":null}},"type":"if","locations":[{"start":{"line":297,"column":2},"end":{"line":304,"column":null}},{"start":{},"end":{}}]}},"s":{"0":63,"1":8,"2":8,"3":2,"4":64,"5":8,"6":15,"7":8,"8":7,"9":1,"10":1,"11":2,"12":1,"13":1,"14":1,"15":1,"16":1,"17":1,"18":2,"19":2,"20":0,"21":2,"22":1,"23":1,"24":1,"25":0,"26":1,"27":1,"28":1,"29":1,"30":0,"31":1,"32":1,"33":0,"34":1,"35":1,"36":1,"37":1,"38":0,"39":1},"f":{"0":8,"1":2,"2":64,"3":15,"4":2,"5":1,"6":1,"7":2,"8":1,"9":1,"10":1,"11":0,"12":1},"b":{"0":[7],"1":[7],"2":[2,0],"3":[8,1],"4":[7,1],"5":[0,1],"6":[1,0],"7":[0,1],"8":[1,0],"9":[0,0],"10":[0,2],"11":[0,1],"12":[0,1],"13":[1,0],"14":[0,1]}}
,"/Users/joepegler/Workspace/abstractjs/src/sdk/account/decorators/getFactoryData.test.ts": {"path":"/Users/joepegler/Workspace/abstractjs/src/sdk/account/decorators/getFactoryData.test.ts","statementMap":{"0":{"start":{"line":26,"column":0},"end":{"line":81,"column":null}},"1":{"start":{"line":40,"column":2},"end":{"line":48,"column":null}},"2":{"start":{"line":41,"column":4},"end":{"line":41,"column":null}},"3":{"start":{"line":42,"column":5},"end":{"line":42,"column":null}},"4":{"start":{"line":44,"column":4},"end":{"line":44,"column":null}},"5":{"start":{"line":45,"column":4},"end":{"line":45,"column":null}},"6":{"start":{"line":46,"column":4},"end":{"line":46,"column":null}},"7":{"start":{"line":47,"column":4},"end":{"line":47,"column":null}},"8":{"start":{"line":49,"column":2},"end":{"line":51,"column":null}},"9":{"start":{"line":50,"column":4},"end":{"line":50,"column":null}},"10":{"start":{"line":53,"column":2},"end":{"line":64,"column":null}},"11":{"start":{"line":54,"column":24},"end":{"line":59,"column":null}},"12":{"start":{"line":61,"column":4},"end":{"line":63,"column":null}},"13":{"start":{"line":66,"column":2},"end":{"line":80,"column":null}},"14":{"start":{"line":67,"column":24},"end":{"line":75,"column":null}},"15":{"start":{"line":77,"column":4},"end":{"line":79,"column":null}}},"fnMap":{"0":{"name":"(anonymous_0)","decl":{"start":{"line":26,"column":41},"end":{"line":26,"column":53}},"loc":{"start":{"line":26,"column":53},"end":{"line":81,"column":1}}},"1":{"name":"(anonymous_1)","decl":{"start":{"line":40,"column":12},"end":{"line":40,"column":24}},"loc":{"start":{"line":40,"column":24},"end":{"line":48,"column":3}}},"2":{"name":"(anonymous_2)","decl":{"start":{"line":49,"column":11},"end":{"line":49,"column":23}},"loc":{"start":{"line":49,"column":23},"end":{"line":51,"column":3}}},"3":{"name":"(anonymous_3)","decl":{"start":{"line":53,"column":36},"end":{"line":53,"column":48}},"loc":{"start":{"line":53,"column":48},"end":{"line":64,"column":3}}},"4":{"name":"(anonymous_4)","decl":{"start":{"line":66,"column":45},"end":{"line":66,"column":57}},"loc":{"start":{"line":66,"column":57},"end":{"line":80,"column":3}}}},"branchMap":{},"s":{"0":1,"1":1,"2":1,"3":1,"4":1,"5":1,"6":1,"7":1,"8":1,"9":1,"10":1,"11":1,"12":1,"13":1,"14":1,"15":1},"f":{"0":1,"1":1,"2":1,"3":1,"4":1},"b":{}}
,"/Users/joepegler/Workspace/abstractjs/src/sdk/account/decorators/getFactoryData.ts": {"path":"/Users/joepegler/Workspace/abstractjs/src/sdk/account/decorators/getFactoryData.ts","statementMap":{"0":{"start":{"line":52,"column":32},"end":{"line":64,"column":null}},"1":{"start":{"line":58,"column":2},"end":{"line":64,"column":null}},"2":{"start":{"line":117,"column":37},"end":{"line":161,"column":null}},"3":{"start":{"line":130,"column":6},"end":{"line":130,"column":null}},"4":{"start":{"line":132,"column":25},"end":{"line":139,"column":null}},"5":{"start":{"line":142,"column":4},"end":{"line":150,"column":null}},"6":{"start":{"line":152,"column":15},"end":{"line":152,"column":null}},"7":{"start":{"line":154,"column":2},"end":{"line":160,"column":null}}},"fnMap":{"0":{"name":"(anonymous_0)","decl":{"start":{"line":52,"column":32},"end":{"line":52,"column":39}},"loc":{"start":{"line":58,"column":2},"end":{"line":64,"column":null}}},"1":{"name":"(anonymous_1)","decl":{"start":{"line":117,"column":37},"end":{"line":117,"column":null}},"loc":{"start":{"line":119,"column":19},"end":{"line":161,"column":null}}}},"branchMap":{"0":{"loc":{"start":{"line":121,"column":4},"end":{"line":121,"column":null}},"type":"default-arg","locations":[{"start":{"line":121,"column":23},"end":{"line":121,"column":null}}]},"1":{"loc":{"start":{"line":123,"column":4},"end":{"line":123,"column":null}},"type":"default-arg","locations":[{"start":{"line":123,"column":22},"end":{"line":123,"column":null}}]},"2":{"loc":{"start":{"line":127,"column":4},"end":{"line":127,"column":null}},"type":"default-arg","locations":[{"start":{"line":127,"column":23},"end":{"line":127,"column":null}}]}},"s":{"0":63,"1":38,"2":63,"3":79,"4":79,"5":79,"6":79,"7":79},"f":{"0":38,"1":79},"b":{"0":[0],"1":[1],"2":[1]}}
,"/Users/joepegler/Workspace/abstractjs/src/sdk/account/decorators/getNexusAddress.test.ts": {"path":"/Users/joepegler/Workspace/abstractjs/src/sdk/account/decorators/getNexusAddress.test.ts","statementMap":{"0":{"start":{"line":14,"column":0},"end":{"line":68,"column":null}},"1":{"start":{"line":23,"column":2},"end":{"line":33,"column":null}},"2":{"start":{"line":24,"column":4},"end":{"line":24,"column":null}},"3":{"start":{"line":26,"column":4},"end":{"line":26,"column":null}},"4":{"start":{"line":27,"column":4},"end":{"line":27,"column":null}},"5":{"start":{"line":28,"column":4},"end":{"line":28,"column":null}},"6":{"start":{"line":29,"column":4},"end":{"line":32,"column":null}},"7":{"start":{"line":35,"column":2},"end":{"line":54,"column":null}},"8":{"start":{"line":36,"column":28},"end":{"line":39,"column":null}},"9":{"start":{"line":40,"column":28},"end":{"line":40,"column":null}},"10":{"start":{"line":41,"column":24},"end":{"line":41,"column":null}},"11":{"start":{"line":43,"column":32},"end":{"line":49,"column":null}},"12":{"start":{"line":51,"column":4},"end":{"line":53,"column":null}},"13":{"start":{"line":56,"column":2},"end":{"line":67,"column":null}},"14":{"start":{"line":57,"column":18},"end":{"line":57,"column":null}},"15":{"start":{"line":59,"column":23},"end":{"line":62,"column":null}},"16":{"start":{"line":64,"column":4},"end":{"line":66,"column":null}}},"fnMap":{"0":{"name":"(anonymous_0)","decl":{"start":{"line":14,"column":36},"end":{"line":14,"column":42}},"loc":{"start":{"line":14,"column":42},"end":{"line":68,"column":1}}},"1":{"name":"(anonymous_1)","decl":{"start":{"line":23,"column":12},"end":{"line":23,"column":24}},"loc":{"start":{"line":23,"column":24},"end":{"line":33,"column":3}}},"2":{"name":"(anonymous_2)","decl":{"start":{"line":35,"column":40},"end":{"line":35,"column":52}},"loc":{"start":{"line":35,"column":52},"end":{"line":54,"column":3}}},"3":{"name":"(anonymous_3)","decl":{"start":{"line":56,"column":41},"end":{"line":56,"column":53}},"loc":{"start":{"line":56,"column":53},"end":{"line":67,"column":3}}}},"branchMap":{},"s":{"0":1,"1":1,"2":1,"3":1,"4":1,"5":1,"6":1,"7":1,"8":1,"9":1,"10":1,"11":1,"12":1,"13":1,"14":1,"15":1,"16":1},"f":{"0":1,"1":1,"2":1,"3":1},"b":{}}
,"/Users/joepegler/Workspace/abstractjs/src/sdk/account/decorators/getNexusAddress.ts": {"path":"/Users/joepegler/Workspace/abstractjs/src/sdk/account/decorators/getNexusAddress.ts","statementMap":{"0":{"start":{"line":54,"column":33},"end":{"line":74,"column":null}},"1":{"start":{"line":66,"column":6},"end":{"line":66,"column":null}},"2":{"start":{"line":68,"column":2},"end":{"line":73,"column":null}},"3":{"start":{"line":108,"column":38},"end":{"line":125,"column":null}},"4":{"start":{"line":116,"column":6},"end":{"line":116,"column":null}},"5":{"start":{"line":118,"column":15},"end":{"line":118,"column":null}},"6":{"start":{"line":119,"column":2},"end":{"line":124,"column":null}}},"fnMap":{"0":{"name":"(anonymous_0)","decl":{"start":{"line":54,"column":33},"end":{"line":54,"column":null}},"loc":{"start":{"line":58,"column":23},"end":{"line":74,"column":null}}},"1":{"name":"(anonymous_1)","decl":{"start":{"line":108,"column":38},"end":{"line":108,"column":null}},"loc":{"start":{"line":110,"column":23},"end":{"line":125,"column":null}}}},"branchMap":{"0":{"loc":{"start":{"line":62,"column":4},"end":{"line":62,"column":null}},"type":"default-arg","locations":[{"start":{"line":62,"column":12},"end":{"line":62,"column":null}}]},"1":{"loc":{"start":{"line":63,"column":4},"end":{"line":63,"column":null}},"type":"default-arg","locations":[{"start":{"line":63,"column":16},"end":{"line":63,"column":null}}]},"2":{"loc":{"start":{"line":64,"column":4},"end":{"line":64,"column":null}},"type":"default-arg","locations":[{"start":{"line":64,"column":16},"end":{"line":64,"column":null}}]},"3":{"loc":{"start":{"line":65,"column":4},"end":{"line":65,"column":null}},"type":"default-arg","locations":[{"start":{"line":65,"column":21},"end":{"line":65,"column":null}}]},"4":{"loc":{"start":{"line":114,"column":4},"end":{"line":114,"column":null}},"type":"default-arg","locations":[{"start":{"line":114,"column":21},"end":{"line":114,"column":null}}]},"5":{"loc":{"start":{"line":115,"column":4},"end":{"line":115,"column":null}},"type":"default-arg","locations":[{"start":{"line":115,"column":12},"end":{"line":115,"column":null}}]}},"s":{"0":63,"1":3,"2":3,"3":63,"4":3,"5":3,"6":3},"f":{"0":3,"1":3},"b":{"0":[0],"1":[0],"2":[0],"3":[1],"4":[1],"5":[1]}}
,"/Users/joepegler/Workspace/abstractjs/src/sdk/account/decorators/getUnifiedERC20Balance.test.ts": {"path":"/Users/joepegler/Workspace/abstractjs/src/sdk/account/decorators/getUnifiedERC20Balance.test.ts","statementMap":{"0":{"start":{"line":13,"column":0},"end":{"line":53,"column":null}},"1":{"start":{"line":24,"column":2},"end":{"line":37,"column":null}},"2":{"start":{"line":25,"column":4},"end":{"line":25,"column":null}},"3":{"start":{"line":26,"column":5},"end":{"line":26,"column":null}},"4":{"start":{"line":28,"column":4},"end":{"line":28,"column":null}},"5":{"start":{"line":30,"column":4},"end":{"line":34,"column":null}},"6":{"start":{"line":36,"column":4},"end":{"line":36,"column":null}},"7":{"start":{"line":39,"column":2},"end":{"line":52,"column":null}},"8":{"start":{"line":40,"column":27},"end":{"line":43,"column":null}},"9":{"start":{"line":45,"column":4},"end":{"line":45,"column":null}},"10":{"start":{"line":46,"column":4},"end":{"line":46,"column":null}},"11":{"start":{"line":47,"column":4},"end":{"line":47,"column":null}},"12":{"start":{"line":49,"column":4},"end":{"line":49,"column":null}},"13":{"start":{"line":50,"column":4},"end":{"line":50,"column":null}},"14":{"start":{"line":51,"column":4},"end":{"line":51,"column":null}}},"fnMap":{"0":{"name":"(anonymous_0)","decl":{"start":{"line":13,"column":39},"end":{"line":13,"column":45}},"loc":{"start":{"line":13,"column":45},"end":{"line":53,"column":1}}},"1":{"name":"(anonymous_1)","decl":{"start":{"line":24,"column":12},"end":{"line":24,"column":24}},"loc":{"start":{"line":24,"column":24},"end":{"line":37,"column":3}}},"2":{"name":"(anonymous_2)","decl":{"start":{"line":39,"column":58},"end":{"line":39,"column":70}},"loc":{"start":{"line":39,"column":70},"end":{"line":52,"column":3}}}},"branchMap":{},"s":{"0":1,"1":1,"2":1,"3":1,"4":1,"5":1,"6":1,"7":1,"8":1,"9":1,"10":1,"11":1,"12":1,"13":1,"14":1},"f":{"0":1,"1":1,"2":1},"b":{}}
,"/Users/joepegler/Workspace/abstractjs/src/sdk/account/decorators/getUnifiedERC20Balance.ts": {"path":"/Users/joepegler/Workspace/abstractjs/src/sdk/account/decorators/getUnifiedERC20Balance.ts","statementMap":{"0":{"start":{"line":74,"column":41},"end":{"line":74,"column":null}},"1":{"start":{"line":76,"column":32},"end":{"line":81,"column":null}},"2":{"start":{"line":78,"column":6},"end":{"line":80,"column":null}},"3":{"start":{"line":79,"column":21},"end":{"line":79,"column":null}},"4":{"start":{"line":83,"column":19},"end":{"line":106,"column":null}},"5":{"start":{"line":85,"column":56},"end":{"line":88,"column":null}},"6":{"start":{"line":90,"column":28},"end":{"line":94,"column":null}},"7":{"start":{"line":95,"column":34},"end":{"line":98,"column":null}},"8":{"start":{"line":100,"column":6},"end":{"line":104,"column":null}},"9":{"start":{"line":108,"column":2},"end":{"line":132,"column":null}},"10":{"start":{"line":111,"column":8},"end":{"line":114,"column":null}},"11":{"start":{"line":117,"column":8},"end":{"line":124,"column":null}},"12":{"start":{"line":118,"column":10},"end":{"line":123,"column":null}},"13":{"start":{"line":125,"column":8},"end":{"line":128,"column":null}}},"fnMap":{"0":{"name":"getUnifiedERC20Balance","decl":{"start":{"line":71,"column":22},"end":{"line":71,"column":null}},"loc":{"start":{"line":73,"column":32},"end":{"line":133,"column":null}}},"1":{"name":"(anonymous_1)","decl":{"start":{"line":77,"column":4},"end":{"line":77,"column":5}},"loc":{"start":{"line":78,"column":6},"end":{"line":80,"column":null}}},"2":{"name":"(anonymous_2)","decl":{"start":{"line":79,"column":8},"end":{"line":79,"column":9}},"loc":{"start":{"line":79,"column":21},"end":{"line":79,"column":null}}},"3":{"name":"(anonymous_3)","decl":{"start":{"line":84,"column":30},"end":{"line":84,"column":37}},"loc":{"start":{"line":84,"column":60},"end":{"line":105,"column":5}}},"4":{"name":"(anonymous_4)","decl":{"start":{"line":110,"column":11},"end":{"line":110,"column":12}},"loc":{"start":{"line":110,"column":24},"end":{"line":115,"column":7}}},"5":{"name":"(anonymous_5)","decl":{"start":{"line":116,"column":14},"end":{"line":116,"column":15}},"loc":{"start":{"line":116,"column":29},"end":{"line":129,"column":7}}}},"branchMap":{"0":{"loc":{"start":{"line":117,"column":8},"end":{"line":124,"column":null}},"type":"if","locations":[{"start":{"line":117,"column":8},"end":{"line":124,"column":null}},{"start":{},"end":{}}]}},"s":{"0":12,"1":12,"2":96,"3":180,"4":12,"5":24,"6":24,"7":24,"8":24,"9":12,"10":24,"11":12,"12":0,"13":12},"f":{"0":12,"1":96,"2":180,"3":24,"4":24,"5":12},"b":{"0":[0,12]}}
,"/Users/joepegler/Workspace/abstractjs/src/sdk/account/decorators/queryBridge.test.ts": {"path":"/Users/joepegler/Workspace/abstractjs/src/sdk/account/decorators/queryBridge.test.ts","statementMap":{"0":{"start":{"line":14,"column":0},"end":{"line":63,"column":null}},"1":{"start":{"line":25,"column":2},"end":{"line":38,"column":null}},"2":{"start":{"line":26,"column":4},"end":{"line":26,"column":null}},"3":{"start":{"line":27,"column":5},"end":{"line":27,"column":null}},"4":{"start":{"line":29,"column":4},"end":{"line":29,"column":null}},"5":{"start":{"line":31,"column":4},"end":{"line":35,"column":null}},"6":{"start":{"line":37,"column":4},"end":{"line":37,"column":null}},"7":{"start":{"line":40,"column":2},"end":{"line":62,"column":null}},"8":{"start":{"line":41,"column":27},"end":{"line":41,"column":null}},"9":{"start":{"line":43,"column":51},"end":{"line":50,"column":null}},"10":{"start":{"line":45,"column":8},"end":{"line":45,"column":null}},"11":{"start":{"line":48,"column":33},"end":{"line":48,"column":null}},"12":{"start":{"line":52,"column":20},"end":{"line":58,"column":null}},"13":{"start":{"line":60,"column":4},"end":{"line":60,"column":null}},"14":{"start":{"line":61,"column":4},"end":{"line":61,"column":null}}},"fnMap":{"0":{"name":"(anonymous_0)","decl":{"start":{"line":14,"column":28},"end":{"line":14,"column":34}},"loc":{"start":{"line":14,"column":34},"end":{"line":63,"column":1}}},"1":{"name":"(anonymous_1)","decl":{"start":{"line":25,"column":12},"end":{"line":25,"column":24}},"loc":{"start":{"line":25,"column":24},"end":{"line":38,"column":3}}},"2":{"name":"(anonymous_2)","decl":{"start":{"line":40,"column":32},"end":{"line":40,"column":44}},"loc":{"start":{"line":40,"column":44},"end":{"line":62,"column":3}}},"3":{"name":"(anonymous_3)","decl":{"start":{"line":44,"column":10},"end":{"line":44,"column":11}},"loc":{"start":{"line":45,"column":8},"end":{"line":45,"column":null}}},"4":{"name":"(anonymous_4)","decl":{"start":{"line":48,"column":8},"end":{"line":48,"column":9}},"loc":{"start":{"line":48,"column":33},"end":{"line":48,"column":null}}}},"branchMap":{"0":{"loc":{"start":{"line":45,"column":8},"end":{"line":45,"column":null}},"type":"binary-expr","locations":[{"start":{"line":45,"column":8},"end":{"line":45,"column":59}},{"start":{"line":45,"column":59},"end":{"line":45,"column":null}}]}},"s":{"0":1,"1":1,"2":1,"3":1,"4":1,"5":1,"6":1,"7":1,"8":1,"9":1,"10":2,"11":8,"12":1,"13":1,"14":1},"f":{"0":1,"1":1,"2":1,"3":2,"4":8},"b":{"0":[2,0]}}
[...]
l}}]},"11":{"loc":{"start":{"line":165,"column":27},"end":{"line":165,"column":null}},"type":"cond-expr","locations":[{"start":{"line":165,"column":43},"end":{"line":165,"column":63}},{"start":{"line":165,"column":63},"end":{"line":165,"column":null}}]},"12":{"loc":{"start":{"line":175,"column":12},"end":{"line":175,"column":null}},"type":"binary-expr","locations":[{"start":{"line":175,"column":12},"end":{"line":175,"column":32}},{"start":{"line":175,"column":32},"end":{"line":175,"column":null}}]},"13":{"loc":{"start":{"line":263,"column":18},"end":{"line":263,"column":null}},"type":"default-arg","locations":[{"start":{"line":263,"column":34},"end":{"line":263,"column":null}}]},"14":{"loc":{"start":{"line":264,"column":13},"end":{"line":264,"column":null}},"type":"default-arg","locations":[{"start":{"line":264,"column":24},"end":{"line":264,"column":null}}]},"15":{"loc":{"start":{"line":268,"column":2},"end":{"line":272,"column":null}},"type":"if","locations":[{"start":{"line":268,"column":2},"end":{"line":272,"column":null}},{"start":{},"end":{}}]},"16":{"loc":{"start":{"line":275,"column":2},"end":{"line":277,"column":null}},"type":"if","locations":[{"start":{"line":275,"column":2},"end":{"line":277,"column":null}},{"start":{},"end":{}}]},"17":{"loc":{"start":{"line":275,"column":6},"end":{"line":275,"column":36}},"type":"binary-expr","locations":[{"start":{"line":275,"column":6},"end":{"line":275,"column":18}},{"start":{"line":275,"column":18},"end":{"line":275,"column":36}}]},"18":{"loc":{"start":{"line":282,"column":2},"end":{"line":284,"column":null}},"type":"if","locations":[{"start":{"line":282,"column":2},"end":{"line":284,"column":null}},{"start":{},"end":{}}]},"19":{"loc":{"start":{"line":294,"column":2},"end":{"line":296,"column":null}},"type":"if","locations":[{"start":{"line":294,"column":2},"end":{"line":296,"column":null}},{"start":{},"end":{}}]}},"s":{"0":11,"1":11,"2":8,"3":8,"4":8,"5":17,"6":17,"7":17,"8":1,"9":1,"10":1,"11":17,"12":16,"13":16,"14":17,"15":0,"16":0,"17":17,"18":0,"19":0,"20":17,"21":1,"22":1,"23":17,"24":17,"25":8,"26":8,"27":8,"28":8,"29":3,"30":3,"31":3,"32":5,"33":5,"34":8,"35":8,"36":8,"37":8,"38":8,"39":8,"40":8,"41":8,"42":8,"43":0,"44":8,"45":8,"46":0,"47":8,"48":8,"49":8,"50":0,"51":8,"52":8,"53":8,"54":0,"55":8},"f":{"0":8,"1":17,"2":8},"b":{"0":[0],"1":[17,13],"2":[1,16],"3":[1,0],"4":[16,1],"5":[17,6],"6":[0,17],"7":[0,17],"8":[1,16],"9":[8,0],"10":[3,5],"11":[0,8],"12":[8,8],"13":[8],"14":[8],"15":[0,8],"16":[0,8],"17":[8,8],"18":[0,8],"19":[0,8]}}
,"/Users/joepegler/Workspace/abstractjs/src/sdk/modules/smartSessionsValidator/decorators/smartSessions.decorators.test.ts": {"path":"/Users/joepegler/Workspace/abstractjs/src/sdk/modules/smartSessionsValidator/decorators/smartSessions.decorators.test.ts","statementMap":{"0":{"start":{"line":31,"column":0},"end":{"line":142,"column":null}},"1":{"start":{"line":46,"column":2},"end":{"line":88,"column":null}},"2":{"start":{"line":47,"column":4},"end":{"line":47,"column":null}},"3":{"start":{"line":49,"column":4},"end":{"line":49,"column":null}},"4":{"start":{"line":50,"column":4},"end":{"line":50,"column":null}},"5":{"start":{"line":51,"column":4},"end":{"line":51,"column":null}},"6":{"start":{"line":52,"column":4},"end":{"line":52,"column":null}},"7":{"start":{"line":53,"column":4},"end":{"line":53,"column":null}},"8":{"start":{"line":54,"column":4},"end":{"line":54,"column":null}},"9":{"start":{"line":56,"column":4},"end":{"line":66,"column":null}},"10":{"start":{"line":68,"column":4},"end":{"line":84,"column":null}},"11":{"start":{"line":86,"column":4},"end":{"line":86,"column":null}},"12":{"start":{"line":87,"column":4},"end":{"line":87,"column":null}},"13":{"start":{"line":90,"column":2},"end":{"line":92,"column":null}},"14":{"start":{"line":91,"column":4},"end":{"line":91,"column":null}},"15":{"start":{"line":94,"column":2},"end":{"line":115,"column":null}},"16":{"start":{"line":95,"column":4},"end":{"line":98,"column":null}},"17":{"start":{"line":100,"column":17},"end":{"line":102,"column":null}},"18":{"start":{"line":105,"column":6},"end":{"line":105,"column":null}},"19":{"start":{"line":106,"column":4},"end":{"line":106,"column":null}},"20":{"start":{"line":108,"column":31},"end":{"line":110,"column":null}},"21":{"start":{"line":112,"column":4},"end":{"line":112,"column":null}},"22":{"start":{"line":113,"column":4},"end":{"line":113,"column":null}},"23":{"start":{"line":114,"column":4},"end":{"line":114,"column":null}},"24":{"start":{"line":117,"column":2},"end":{"line":141,"column":null}},"25":{"start":{"line":118,"column":33},"end":{"line":121,"column":null}},"26":{"start":{"line":123,"column":36},"end":{"line":133,"column":null}},"27":{"start":{"line":135,"column":31},"end":{"line":137,"column":null}},"28":{"start":{"line":139,"column":4},"end":{"line":139,"column":null}},"29":{"start":{"line":140,"column":4},"end":{"line":140,"column":null}}},"fnMap":{"0":{"name":"(anonymous_0)","decl":{"start":{"line":31,"column":45},"end":{"line":31,"column":57}},"loc":{"start":{"line":31,"column":57},"end":{"line":142,"column":1}}},"1":{"name":"(anonymous_1)","decl":{"start":{"line":46,"column":12},"end":{"line":46,"column":24}},"loc":{"start":{"line":46,"column":24},"end":{"line":88,"column":3}}},"2":{"name":"(anonymous_2)","decl":{"start":{"line":90,"column":11},"end":{"line":90,"column":23}},"loc":{"start":{"line":90,"column":23},"end":{"line":92,"column":3}}},"3":{"name":"(anonymous_3)","decl":{"start":{"line":94,"column":54},"end":{"line":94,"column":66}},"loc":{"start":{"line":94,"column":66},"end":{"line":115,"column":3}}},"4":{"name":"(anonymous_4)","decl":{"start":{"line":117,"column":51},"end":{"line":117,"column":63}},"loc":{"start":{"line":117,"column":63},"end":{"line":141,"column":3}}}},"branchMap":{},"s":{"0":1,"1":1,"2":1,"3":1,"4":1,"5":1,"6":1,"7":1,"8":1,"9":1,"10":1,"11":1,"12":1,"13":1,"14":1,"15":1,"16":1,"17":1,"18":1,"19":1,"20":1,"21":1,"22":1,"23":1,"24":1,"25":1,"26":1,"27":1,"28":1,"29":1},"f":{"0":1,"1":1,"2":1,"3":1,"4":1},"b":{}}
,"/Users/joepegler/Workspace/abstractjs/src/sdk/modules/smartSessionsValidator/decorators/usePermission.ts": {"path":"/Users/joepegler/Workspace/abstractjs/src/sdk/modules/smartSessionsValidator/decorators/usePermission.ts","statementMap":{"0":{"start":{"line":75,"column":49},"end":{"line":75,"column":null}},"1":{"start":{"line":77,"column":2},"end":{"line":81,"column":null}},"2":{"start":{"line":78,"column":4},"end":{"line":80,"column":null}},"3":{"start":{"line":83,"column":2},"end":{"line":88,"column":null}}},"fnMap":{"0":{"name":"usePermission","decl":{"start":{"line":69,"column":22},"end":{"line":69,"column":null}},"loc":{"start":{"line":74,"column":16},"end":{"line":89,"column":null}}}},"branchMap":{"0":{"loc":{"start":{"line":75,"column":19},"end":{"line":75,"column":45}},"type":"default-arg","locations":[{"start":{"line":75,"column":30},"end":{"line":75,"column":45}}]},"1":{"loc":{"start":{"line":77,"column":2},"end":{"line":81,"column":null}},"type":"if","locations":[{"start":{"line":77,"column":2},"end":{"line":81,"column":null}},{"start":{},"end":{}}]}},"s":{"0":7,"1":7,"2":0,"3":7},"f":{"0":7},"b":{"0":[7],"1":[0,7]}}
,"/Users/joepegler/Workspace/abstractjs/src/sdk/modules/utils/Helpers.ts": {"path":"/Users/joepegler/Workspace/abstractjs/src/sdk/modules/utils/Helpers.ts","statementMap":{"0":{"start":{"line":46,"column":2},"end":{"line":65,"column":null}},"1":{"start":{"line":48,"column":4},"end":{"line":48,"column":null}},"2":{"start":{"line":49,"column":2},"end":{"line":65,"column":null}},"3":{"start":{"line":50,"column":4},"end":{"line":50,"column":null}},"4":{"start":{"line":51,"column":2},"end":{"line":65,"column":null}},"5":{"start":{"line":52,"column":4},"end":{"line":52,"column":null}},"6":{"start":{"line":53,"column":2},"end":{"line":65,"column":null}},"7":{"start":{"line":54,"column":4},"end":{"line":54,"column":null}},"8":{"start":{"line":55,"column":2},"end":{"line":65,"column":null}},"9":{"start":{"line":56,"column":4},"end":{"line":56,"column":null}},"10":{"start":{"line":57,"column":2},"end":{"line":65,"column":null}},"11":{"start":{"line":59,"column":4},"end":{"line":59,"column":null}},"12":{"start":{"line":60,"column":2},"end":{"line":65,"column":null}},"13":{"start":{"line":61,"column":4},"end":{"line":61,"column":null}},"14":{"start":{"line":64,"column":4},"end":{"line":64,"column":null}},"15":{"start":{"line":66,"column":2},"end":{"line":68,"column":null}},"16":{"start":{"line":67,"column":4},"end":{"line":67,"column":null}},"17":{"start":{"line":69,"column":2},"end":{"line":69,"column":null}},"18":{"start":{"line":80,"column":19},"end":{"line":80,"column":null}},"19":{"start":{"line":81,"column":32},"end":{"line":81,"column":null}},"20":{"start":{"line":82,"column":2},"end":{"line":85,"column":null}},"21":{"start":{"line":83,"column":21},"end":{"line":83,"column":null}},"22":{"start":{"line":84,"column":4},"end":{"line":84,"column":null}},"23":{"start":{"line":86,"column":2},"end":{"line":88,"column":null}},"24":{"start":{"line":87,"column":4},"end":{"line":87,"column":null}},"25":{"start":{"line":89,"column":2},"end":{"line":89,"column":null}},"26":{"start":{"line":100,"column":27},"end":{"line":111,"column":null}},"27":{"start":{"line":106,"column":23},"end":{"line":106,"column":null}},"28":{"start":{"line":107,"column":2},"end":{"line":109,"column":null}},"29":{"start":{"line":108,"column":4},"end":{"line":108,"column":null}},"30":{"start":{"line":110,"column":2},"end":{"line":110,"column":null}}},"fnMap":{"0":{"name":"parseReferenceValue","decl":{"start":{"line":43,"column":16},"end":{"line":43,"column":36}},"loc":{"start":{"line":43,"column":76},"end":{"line":70,"column":null}}},"1":{"name":"sanitizeSignature","decl":{"start":{"line":79,"column":16},"end":{"line":79,"column":34}},"loc":{"start":{"line":79,"column":55},"end":{"line":90,"column":null}}},"2":{"name":"(anonymous_2)","decl":{"start":{"line":100,"column":27},"end":{"line":100,"column":null}},"loc":{"start":{"line":105,"column":14},"end":{"line":111,"column":null}}}},"branchMap":{"0":{"loc":{"start":{"line":46,"column":2},"end":{"line":65,"column":null}},"type":"if","locations":[{"start":{"line":46,"column":2},"end":{"line":65,"column":null}},{"start":{"line":49,"column":2},"end":{"line":65,"column":null}}]},"1":{"loc":{"start":{"line":46,"column":6},"end":{"line":46,"column":61}},"type":"binary-expr","locations":[{"start":{"line":46,"column":6},"end":{"line":46,"column":31}},{"start":{"line":46,"column":31},"end":{"line":46,"column":61}}]},"2":{"loc":{"start":{"line":49,"column":2},"end":{"line":65,"column":null}},"type":"if","locations":[{"start":{"line":49,"column":2},"end":{"line":65,"column":null}},{"start":{"line":51,"column":2},"end":{"line":65,"column":null}}]},"3":{"loc":{"start":{"line":51,"column":2},"end":{"line":65,"column":null}},"type":"if","locations":[{"start":{"line":51,"column":2},"end":{"line":65,"column":null}},{"start":{"line":53,"column":2},"end":{"line":65,"column":null}}]},"4":{"loc":{"start":{"line":53,"column":2},"end":{"line":65,"column":null}},"type":"if","locations":[{"start":{"line":53,"column":2},"end":{"line":65,"column":null}},{"start":{"line":55,"column":2},"end":{"line":65,"column":null}}]},"5":{"loc":{"start":{"line":55,"column":2},"end":{"line":65,"column":null}},"type":"if","locations":[{"start":{"line":55,"column":2},"end":{"line":65,"column":null}},{"start":{"line":57,"column":2},"end":{"line":65,"column":null}}]},"6":{"loc":{"start":{"line":57,"column":2},"end":{"line":65,"column":null}},"type":"if","locations":[{"start":{"line":57,"column":2},"end":{"line":65,"column":null}},{"start":{"line":60,"column":2},"end":{"line":65,"column":null}}]},"7":{"loc":{"start":{"line":60,"column":2},"end":{"line":65,"column":null}},"type":"if","locations":[{"start":{"line":60,"column":2},"end":{"line":65,"column":null}},{"start":{"line":62,"column":9},"end":{"line":65,"column":null}}]},"8":{"loc":{"start":{"line":66,"column":2},"end":{"line":68,"column":null}},"type":"if","locations":[{"start":{"line":66,"column":2},"end":{"line":68,"column":null}},{"start":{},"end":{}}]},"9":{"loc":{"start":{"line":66,"column":6},"end":{"line":66,"column":46}},"type":"binary-expr","locations":[{"start":{"line":66,"column":6},"end":{"line":66,"column":24}},{"start":{"line":66,"column":24},"end":{"line":66,"column":46}}]},"10":{"loc":{"start":{"line":82,"column":2},"end":{"line":85,"column":null}},"type":"if","locations":[{"start":{"line":82,"column":2},"end":{"line":85,"column":null}},{"start":{},"end":{}}]},"11":{"loc":{"start":{"line":86,"column":2},"end":{"line":88,"column":null}},"type":"if","locations":[{"start":{"line":86,"column":2},"end":{"line":88,"column":null}},{"start":{},"end":{}}]},"12":{"loc":{"start":{"line":107,"column":2},"end":{"line":109,"column":null}},"type":"if","locations":[{"start":{"line":107,"column":2},"end":{"line":109,"column":null}},{"start":{},"end":{}}]}},"s":{"0":37,"1":1,"2":36,"3":0,"4":36,"5":2,"6":34,"7":3,"8":31,"9":0,"10":31,"11":30,"12":1,"13":1,"14":0,"15":37,"16":0,"17":37,"18":7,"19":7,"20":7,"21":0,"22":0,"23":7,"24":0,"25":7,"26":63,"27":0,"28":0,"29":0,"30":0},"f":{"0":37,"1":7,"2":0},"b":{"0":[1,36],"1":[37,31],"2":[0,36],"3":[2,34],"4":[3,31],"5":[0,31],"6":[30,1],"7":[1,0],"8":[0,37],"9":[37,37],"10":[0,7],"11":[0,7],"12":[0,0]}}
,"/Users/joepegler/Workspace/abstractjs/src/sdk/modules/utils/Types.ts": {"path":"/Users/joepegler/Workspace/abstractjs/src/sdk/modules/utils/Types.ts","statementMap":{"0":{"start":{"line":26,"column":7},"end":{"line":26,"column":null}},"1":{"start":{"line":27,"column":2},"end":{"line":27,"column":11}},"2":{"start":{"line":28,"column":2},"end":{"line":28,"column":8}},"3":{"start":{"line":26,"column":12},"end":{"line":26,"column":null}},"4":{"start":{"line":37,"column":44},"end":{"line":42,"column":null}}},"fnMap":{"0":{"name":"(anonymous_0)","decl":{"start":{"line":26,"column":7},"end":{"line":26,"column":12}},"loc":{"start":{"line":26,"column":7},"end":{"line":26,"column":null}}}},"branchMap":{"0":{"loc":{"start":{"line":26,"column":12},"end":{"line":26,"column":null}},"type":"binary-expr","locations":[{"start":{"line":26,"column":12},"end":{"line":26,"column":null}},{"start":{"line":26,"column":12},"end":{"line":26,"column":null}}]}},"s":{"0":63,"1":63,"2":63,"3":63,"4":63},"f":{"0":63},"b":{"0":[63,63]}}
,"/Users/joepegler/Workspace/abstractjs/src/sdk/modules/utils/toModule.test.ts": {"path":"/Users/joepegler/Workspace/abstractjs/src/sdk/modules/utils/toModule.test.ts","statementMap":{"0":{"start":{"line":13,"column":0},"end":{"line":85,"column":null}},"1":{"start":{"line":22,"column":2},"end":{"line":29,"column":null}},"2":{"start":{"line":23,"column":4},"end":{"line":23,"column":null}},"3":{"start":{"line":25,"column":4},"end":{"line":25,"column":null}},"4":{"start":{"line":26,"column":4},"end":{"line":26,"column":null}},"5":{"start":{"line":27,"column":4},"end":{"line":27,"column":null}},"6":{"start":{"line":28,"column":4},"end":{"line":28,"column":null}},"7":{"start":{"line":31,"column":2},"end":{"line":33,"column":null}},"8":{"start":{"line":32,"column":4},"end":{"line":32,"column":null}},"9":{"start":{"line":35,"column":2},"end":{"line":84,"column":null}},"10":{"start":{"line":36,"column":28},"end":{"line":47,"column":null}},"11":{"start":{"line":49,"column":4},"end":{"line":83,"column":null}}},"fnMap":{"0":{"name":"(anonymous_0)","decl":{"start":{"line":13,"column":29},"end":{"line":13,"column":41}},"loc":{"start":{"line":13,"column":41},"end":{"line":85,"column":1}}},"1":{"name":"(anonymous_1)","decl":{"start":{"line":22,"column":12},"end":{"line":22,"column":24}},"loc":{"start":{"line":22,"column":24},"end":{"line":29,"column":3}}},"2":{"name":"(anonymous_2)","decl":{"start":{"line":31,"column":11},"end":{"line":31,"column":23}},"loc":{"start":{"line":31,"column":23},"end":{"line":33,"column":3}}},"3":{"name":"(anonymous_3)","decl":{"start":{"line":35,"column":52},"end":{"line":35,"column":64}},"loc":{"start":{"line":35,"column":64},"end":{"line":84,"column":3}}}},"branchMap":{},"s":{"0":1,"1":1,"2":1,"3":1,"4":1,"5":1,"6":1,"7":1,"8":1,"9":1,"10":1,"11":1},"f":{"0":1,"1":1,"2":1,"3":1},"b":{}}
,"/Users/joepegler/Workspace/abstractjs/src/sdk/modules/utils/toModule.ts": {"path":"/Users/joepegler/Workspace/abstractjs/src/sdk/modules/utils/toModule.ts","statementMap":{"0":{"start":{"line":44,"column":6},"end":{"line":44,"column":null}},"1":{"start":{"line":46,"column":14},"end":{"line":46,"column":null}},"2":{"start":{"line":47,"column":18},"end":{"line":49,"column":null}},"3":{"start":{"line":48,"column":4},"end":{"line":48,"column":null}},"4":{"start":{"line":50,"column":18},"end":{"line":50,"column":null}},"5":{"start":{"line":50,"column":24},"end":{"line":50,"column":null}},"6":{"start":{"line":52,"column":2},"end":{"line":76,"column":null}},"7":{"start":{"line":65,"column":26},"end":{"line":65,"column":null}},"8":{"start":{"line":66,"column":6},"end":{"line":66,"column":null}},"9":{"start":{"line":69,"column":6},"end":{"line":71,"column":null}},"10":{"start":{"line":73,"column":6},"end":{"line":73,"column":null}}},"fnMap":{"0":{"name":"toModule","decl":{"start":{"line":30,"column":16},"end":{"line":30,"column":25}},"loc":{"start":{"line":30,"column":63},"end":{"line":77,"column":null}}},"1":{"name":"(anonymous_1)","decl":{"start":{"line":47,"column":18},"end":{"line":47,"column":19}},"loc":{"start":{"line":47,"column":50},"end":{"line":49,"column":null}}},"2":{"name":"(anonymous_2)","decl":{"start":{"line":50,"column":18},"end":{"line":50,"column":24}},"loc":{"start":{"line":50,"column":24},"end":{"line":50,"column":null}}},"3":{"name":"(anonymous_3)","decl":{"start":{"line":64,"column":22},"end":{"line":64,"column":34}},"loc":{"start":{"line":64,"column":34},"end":{"line":67,"column":null}}},"4":{"name":"(anonymous_4)","decl":{"start":{"line":68,"column":20},"end":{"line":68,"column":27}},"loc":{"start":{"line":69,"column":6},"end":{"line":71,"column":null}}},"5":{"name":"(anonymous_5)","decl":{"start":{"line":72,"column":17},"end":{"line":72,"column":24}},"loc":{"start":{"line":73,"column":6},"end":{"line":73,"column":null}}}},"branchMap":{"0":{"loc":{"start":{"line":34,"column":4},"end":{"line":34,"column":null}},"type":"default-arg","locations":[{"start":{"line":34,"column":15},"end":{"line":34,"column":null}}]},"1":{"loc":{"start":{"line":35,"column":4},"end":{"line":35,"column":null}},"type":"default-arg","locations":[{"start":{"line":35,"column":17},"end":{"line":35,"column":null}}]},"2":{"loc":{"start":{"line":36,"column":4},"end":{"line":36,"column":null}},"type":"default-arg","locations":[{"start":{"line":36,"column":15},"end":{"line":36,"column":null}}]},"3":{"loc":{"start":{"line":37,"column":4},"end":{"line":37,"column":null}},"type":"default-arg","locations":[{"start":{"line":37,"column":21},"end":{"line":37,"column":null}}]},"4":{"loc":{"start":{"line":38,"column":4},"end":{"line":38,"column":null}},"type":"default-arg","locations":[{"start":{"line":38,"column":21},"end":{"line":38,"column":null}}]},"5":{"loc":{"start":{"line":38,"column":21},"end":{"line":38,"column":null}},"type":"binary-expr","locations":[{"start":{"line":38,"column":21},"end":{"line":38,"column":41}},{"start":{"line":38,"column":41},"end":{"line":38,"column":null}}]},"6":{"loc":{"start":{"line":39,"column":4},"end":{"line":42,"column":null}},"type":"default-arg","locations":[{"start":{"line":39,"column":21},"end":{"line":42,"column":null}}]},"7":{"loc":{"start":{"line":46,"column":14},"end":{"line":46,"column":null}},"type":"binary-expr","locations":[{"start":{"line":46,"column":14},"end":{"line":46,"column":33}},{"start":{"line":46,"column":33},"end":{"line":46,"column":null}}]}},"s":{"0":142,"1":142,"2":142,"3":0,"4":142,"5":0,"6":142,"7":0,"8":0,"9":3,"10":0},"f":{"0":142,"1":0,"2":0,"3":0,"4":3,"5":0},"b":{"0":[142],"1":[0],"2":[0],"3":[142],"4":[0],"5":[0,0],"6":[0],"7":[142,142]}}
}
