{"total": {"lines":{"total":3836,"covered":3237,"skipped":0,"pct":84.38},"statements":{"total":3884,"covered":3270,"skipped":0,"pct":84.19},"functions":{"total":757,"covered":660,"skipped":0,"pct":87.18},"branches":{"total":935,"covered":562,"skipped":0,"pct":60.1},"branchesTrue":{"total":0,"covered":0,"skipped":0,"pct":100}}
,"/Users/joepegler/Workspace/abstractjs/src/sdk/account/toMultiChainNexusAccount.test.ts": {"lines":{"total":54,"covered":53,"skipped":0,"pct":98.14},"functions":{"total":15,"covered":15,"skipped":0,"pct":100},"statements":{"total":55,"covered":54,"skipped":0,"pct":98.18},"branches":{"total":4,"covered":2,"skipped":0,"pct":50}}
,"/Users/joepegler/Workspace/abstractjs/src/sdk/account/toMultiChainNexusAccount.ts": {"lines":{"total":24,"covered":22,"skipped":0,"pct":91.66},"functions":{"total":9,"covered":8,"skipped":0,"pct":88.88},"statements":{"total":24,"covered":22,"skipped":0,"pct":91.66},"branches":{"total":10,"covered":9,"skipped":0,"pct":90}}
,"/Users/joepegler/Workspace/abstractjs/src/sdk/account/toNexusAccount.addresses.test.ts": {"lines":{"total":52,"covered":52,"skipped":0,"pct":100},"functions":{"total":8,"covered":8,"skipped":0,"pct":100},"statements":{"total":52,"covered":52,"skipped":0,"pct":100},"branches":{"total":0,"covered":0,"skipped":0,"pct":100}}
,"/Users/joepegler/Workspace/abstractjs/src/sdk/account/toNexusAccount.test.ts": {"lines":{"total":111,"covered":109,"skipped":0,"pct":98.19},"functions":{"total":13,"covered":13,"skipped":0,"pct":100},"statements":{"total":111,"covered":109,"skipped":0,"pct":98.19},"branches":{"total":2,"covered":1,"skipped":0,"pct":50}}
,"/Users/joepegler/Workspace/abstractjs/src/sdk/account/toNexusAccount.ts": {"lines":{"total":82,"covered":80,"skipped":0,"pct":97.56},"functions":{"total":17,"covered":17,"skipped":0,"pct":100},"statements":{"total":87,"covered":83,"skipped":0,"pct":95.4},"branches":{"total":53,"covered":46,"skipped":0,"pct":86.79}}
,"/Users/joepegler/Workspace/abstractjs/src/sdk/account/decorators/build.test.ts": {"lines":{"total":18,"covered":16,"skipped":0,"pct":88.88},"functions":{"total":4,"covered":4,"skipped":0,"pct":100},"statements":{"total":19,"covered":17,"skipped":0,"pct":89.47},"branches":{"total":2,"covered":1,"skipped":0,"pct":50}}
,"/Users/joepegler/Workspace/abstractjs/src/sdk/account/decorators/build.ts": {"lines":{"total":11,"covered":8,"skipped":0,"pct":72.72},"functions":{"total":1,"covered":1,"skipped":0,"pct":100},"statements":{"total":11,"covered":8,"skipped":0,"pct":72.72},"branches":{"total":8,"covered":5,"skipped":0,"pct":62.5}}
,"/Users/joepegler/Workspace/abstractjs/src/sdk/account/decorators/buildBridgeInstructions.test.ts": {"lines":{"total":19,"covered":14,"skipped":0,"pct":73.68},"functions":{"total":3,"covered":3,"skipped":0,"pct":100},"statements":{"total":20,"covered":15,"skipped":0,"pct":75},"branches":{"total":2,"covered":1,"skipped":0,"pct":50}}
,"/Users/joepegler/Workspace/abstractjs/src/sdk/account/decorators/buildBridgeInstructions.ts": {"lines":{"total":37,"covered":34,"skipped":0,"pct":91.89},"functions":{"total":13,"covered":12,"skipped":0,"pct":92.3},"statements":{"total":40,"covered":35,"skipped":0,"pct":87.5},"branches":{"total":28,"covered":16,"skipped":0,"pct":57.14}}
,"/Users/joepegler/Workspace/abstractjs/src/sdk/account/decorators/getFactoryData.test.ts": {"lines":{"total":16,"covered":16,"skipped":0,"pct":100},"functions":{"total":5,"covered":5,"skipped":0,"pct":100},"statements":{"total":16,"covered":16,"skipped":0,"pct":100},"branches":{"total":0,"covered":0,"skipped":0,"pct":100}}
,"/Users/joepegler/Workspace/abstractjs/src/sdk/account/decorators/getFactoryData.ts": {"lines":{"total":8,"covered":8,"skipped":0,"pct":100},"functions":{"total":2,"covered":2,"skipped":0,"pct":100},"statements":{"total":8,"covered":8,"skipped":0,"pct":100},"branches":{"total":3,"covered":2,"skipped":0,"pct":66.66}}
,"/Users/joepegler/Workspace/abstractjs/src/sdk/account/decorators/getNexusAddress.test.ts": {"lines":{"total":17,"covered":17,"skipped":0,"pct":100},"functions":{"total":4,"covered":4,"skipped":0,"pct":100},"statements":{"total":17,"covered":17,"skipped":0,"pct":100},"branches":{"total":0,"covered":0,"skipped":0,"pct":100}}
,"/Users/joepegler/Workspace/abstractjs/src/sdk/account/decorators/getNexusAddress.ts": {"lines":{"total":7,"covered":7,"skipped":0,"pct":100},"functions":{"total":2,"covered":2,"skipped":0,"pct":100},"statements":{"total":7,"covered":7,"skipped":0,"pct":100},"branches":{"total":6,"covered":3,"skipped":0,"pct":50}}
,"/Users/joepegler/Workspace/abstractjs/src/sdk/account/decorators/getUnifiedERC20Balance.test.ts": {"lines":{"total":15,"covered":15,"skipped":0,"pct":100},"functions":{"total":3,"covered":3,"skipped":0,"pct":100},"statements":{"total":15,"covered":15,"skipped":0,"pct":100},"branches":{"total":0,"covered":0,"skipped":0,"pct":100}}
,"/Users/joepegler/Workspace/abstractjs/src/sdk/account/decorators/getUnifiedERC20Balance.ts": {"lines":{"total":14,"covered":13,"skipped":0,"pct":92.85},"functions":{"total":6,"covered":6,"skipped":0,"pct":100},"statements":{"total":14,"covered":13,"skipped":0,"pct":92.85},"branches":{"total":2,"covered":1,"skipped":0,"pct":50}}
,"/Users/joepegler/Workspace/abstractjs/src/sdk/account/decorators/queryBridge.test.ts": {"lines":{"total":15,"covered":15,"skipped":0,"pct":100},"functions":{"total":5,"covered":5,"skipped":0,"pct":100},"statements":{"total":15,"covered":15,"skipped":0,"pct":100},"branches":{"total":2,"covered":1,"skipped":0,"pct":50}}
,"/Users/joepegler/Workspace/abstractjs/src/sdk/account/decorators/queryBridge.ts": {"lines":{"total":5,"covered":5,"skipped":0,"pct":100},"functions":{"total":1,"covered":1,"skipped":0,"pct":100},"statements":{"total":6,"covered":5,"skipped":0,"pct":83.33},"branches":{"total":3,"covered":2,"skipped":0,"pct":66.66}}
,"/Users/joepegler/Workspace/abstractjs/src/sdk/account/decorators/instructions/buildApprove.test.ts": {"lines":{"total":11,"covered":11,"skipped":0,"pct":100},"functions":{"total":3,"covered":3,"skipped":0,"pct":100},"statements":{"total":11,"covered":11,"skipped":0,"pct":100},"branches":{"total":0,"covered":0,"skipped":0,"pct":100}}
,"/Users/joepegler/Workspace/abstractjs/src/sdk/account/decorators/instructions/buildApprove.ts": {"lines":{"total":5,"covered":5,"skipped":0,"pct":100},"functions":{"total":1,"covered":1,"skipped":0,"pct":100},"statements":{"total":5,"covered":5,"skipped":0,"pct":100},"branches":{"total":3,"covered":2,"skipped":0,"pct":66.66}}
,"/Users/joepegler/Workspace/abstractjs/src/sdk/account/decorators/instructions/buildBatch.test.ts": {"lines":{"total":11,"covered":11,"skipped":0,"pct":100},"functions":{"total":3,"covered":3,"skipped":0,"pct":100},"statements":{"total":11,"covered":11,"skipped":0,"pct":100},"branches":{"total":0,"covered":0,"skipped":0,"pct":100}}
,"/Users/joepegler/Workspace/abstractjs/src/sdk/account/decorators/instructions/buildBatch.ts": {"lines":{"total":11,"covered":9,"skipped":0,"pct":81.81},"functions":{"total":3,"covered":3,"skipped":0,"pct":100},"statements":{"total":11,"covered":9,"skipped":0,"pct":81.81},"branches":{"total":5,"covered":3,"skipped":0,"pct":60}}
,"/Users/joepegler/Workspace/abstractjs/src/sdk/account/decorators/instructions/buildDefaultInstructions.test.ts": {"lines":{"total":10,"covered":10,"skipped":0,"pct":100},"functions":{"total":3,"covered":3,"skipped":0,"pct":100},"statements":{"total":10,"covered":10,"skipped":0,"pct":100},"branches":{"total":0,"covered":0,"skipped":0,"pct":100}}
,"/Users/joepegler/Workspace/abstractjs/src/sdk/account/decorators/instructions/buildDefaultInstructions.ts": {"lines":{"total":3,"covered":3,"skipped":0,"pct":100},"functions":{"total":1,"covered":1,"skipped":0,"pct":100},"statements":{"total":3,"covered":3,"skipped":0,"pct":100},"branches":{"total":3,"covered":2,"skipped":0,"pct":66.66}}
,"/Users/joepegler/Workspace/abstractjs/src/sdk/account/decorators/instructions/buildIntent.test.ts": {"lines":{"total":15,"covered":15,"skipped":0,"pct":100},"functions":{"total":4,"covered":4,"skipped":0,"pct":100},"statements":{"total":15,"covered":15,"skipped":0,"pct":100},"branches":{"total":0,"covered":0,"skipped":0,"pct":100}}
,"/Users/joepegler/Workspace/abstractjs/src/sdk/account/decorators/instructions/buildIntent.ts": {"lines":{"total":6,"covered":6,"skipped":0,"pct":100},"functions":{"total":1,"covered":1,"skipped":0,"pct":100},"statements":{"total":6,"covered":6,"skipped":0,"pct":100},"branches":{"total":1,"covered":1,"skipped":0,"pct":100}}
,"/Users/joepegler/Workspace/abstractjs/src/sdk/account/decorators/instructions/buildTransfer.test.ts": {"lines":{"total":11,"covered":11,"skipped":0,"pct":100},"functions":{"total":3,"covered":3,"skipped":0,"pct":100},"statements":{"total":11,"covered":11,"skipped":0,"pct":100},"branches":{"total":0,"covered":0,"skipped":0,"pct":100}}
,"/Users/joepegler/Workspace/abstractjs/src/sdk/account/decorators/instructions/buildTransfer.ts": {"lines":{"total":5,"covered":5,"skipped":0,"pct":100},"functions":{"total":1,"covered":1,"skipped":0,"pct":100},"statements":{"total":5,"covered":5,"skipped":0,"pct":100},"branches":{"total":3,"covered":2,"skipped":0,"pct":66.66}}
,"/Users/joepegler/Workspace/abstractjs/src/sdk/account/decorators/instructions/buildTransferFrom.test.ts": {"lines":{"total":10,"covered":10,"skipped":0,"pct":100},"functions":{"total":3,"covered":3,"skipped":0,"pct":100},"statements":{"total":10,"covered":10,"skipped":0,"pct":100},"branches":{"total":0,"covered":0,"skipped":0,"pct":100}}
,"/Users/joepegler/Workspace/abstractjs/src/sdk/account/decorators/instructions/buildTransferFrom.ts": {"lines":{"total":5,"covered":5,"skipped":0,"pct":100},"functions":{"total":1,"covered":1,"skipped":0,"pct":100},"statements":{"total":5,"covered":5,"skipped":0,"pct":100},"branches":{"total":3,"covered":2,"skipped":0,"pct":66.66}}
,"/Users/joepegler/Workspace/abstractjs/src/sdk/account/decorators/instructions/buildWithdrawal.test.ts": {"lines":{"total":11,"covered":11,"skipped":0,"pct":100},"functions":{"total":3,"covered":3,"skipped":0,"pct":100},"statements":{"total":11,"covered":11,"skipped":0,"pct":100},"branches":{"total":0,"covered":0,"skipped":0,"pct":100}}
,"/Users/joepegler/Workspace/abstractjs/src/sdk/account/decorators/instructions/buildWithdrawal.ts": {"lines":{"total":8,"covered":8,"skipped":0,"pct":100},"functions":{"total":1,"covered":1,"skipped":0,"pct":100},"statements":{"total":8,"covered":8,"skipped":0,"pct":100},"branches":{"total":8,"covered":5,"skipped":0,"pct":62.5}}
,"/Users/joepegler/Workspace/abstractjs/src/sdk/account/utils/AccountNotFound.ts": {"lines":{"total":1,"covered":0,"skipped":0,"pct":0},"functions":{"total":1,"covered":0,"skipped":0,"pct":0},"statements":{"total":1,"covered":0,"skipped":0,"pct":0},"branches":{"total":1,"covered":0,"skipped":0,"pct":0}}
,"/Users/joepegler/Workspace/abstractjs/src/sdk/account/utils/Constants.ts": {"lines":{"total":35,"covered":35,"skipped":0,"pct":100},"functions":{"total":0,"covered":0,"skipped":0,"pct":100},"statements":{"total":35,"covered":35,"skipped":0,"pct":100},"branches":{"total":0,"covered":0,"skipped":0,"pct":100}}
,"/Users/joepegler/Workspace/abstractjs/src/sdk/account/utils/Helpers.ts": {"lines":{"total":12,"covered":6,"skipped":0,"pct":50},"functions":{"total":4,"covered":1,"skipped":0,"pct":25},"statements":{"total":12,"covered":6,"skipped":0,"pct":50},"branches":{"total":9,"covered":3,"skipped":0,"pct":33.33}}
,"/Users/joepegler/Workspace/abstractjs/src/sdk/account/utils/Logger.ts": {"lines":{"total":13,"covered":4,"skipped":0,"pct":30.76},"functions":{"total":3,"covered":1,"skipped":0,"pct":33.33},"statements":{"total":13,"covered":4,"skipped":0,"pct":30.76},"branches":{"total":15,"covered":2,"skipped":0,"pct":13.33}}
,"/Users/joepegler/Workspace/abstractjs/src/sdk/account/utils/Utils.ts": {"lines":{"total":86,"covered":43,"skipped":0,"pct":50},"functions":{"total":30,"covered":16,"skipped":0,"pct":53.33},"statements":{"total":89,"covered":44,"skipped":0,"pct":49.43},"branches":{"total":39,"covered":16,"skipped":0,"pct":41.02}}
,"/Users/joepegler/Workspace/abstractjs/src/sdk/account/utils/batchInstructions.test.ts": {"lines":{"total":44,"covered":44,"skipped":0,"pct":100},"functions":{"total":10,"covered":10,"skipped":0,"pct":100},"statements":{"total":44,"covered":44,"skipped":0,"pct":100},"branches":{"total":0,"covered":0,"skipped":0,"pct":100}}
,"/Users/joepegler/Workspace/abstractjs/src/sdk/account/utils/batchInstructions.ts": {"lines":{"total":24,"covered":24,"skipped":0,"pct":100},"functions":{"total":1,"covered":1,"skipped":0,"pct":100},"statements":{"total":24,"covered":24,"skipped":0,"pct":100},"branches":{"total":12,"covered":10,"skipped":0,"pct":83.33}}
,"/Users/joepegler/Workspace/abstractjs/src/sdk/account/utils/contractSimulation.ts": {"lines":{"total":2,"covered":0,"skipped":0,"pct":0},"functions":{"total":1,"covered":0,"skipped":0,"pct":0},"statements":{"total":2,"covered":0,"skipped":0,"pct":0},"branches":{"total":0,"covered":0,"skipped":0,"pct":100}}
,"/Users/joepegler/Workspace/abstractjs/src/sdk/account/utils/deepHexlify.ts": {"lines":{"total":13,"covered":0,"skipped":0,"pct":0},"functions":{"total":3,"covered":0,"skipped":0,"pct":0},"statements":{"total":14,"covered":0,"skipped":0,"pct":0},"branches":{"total":15,"covered":0,"skipped":0,"pct":0}}
,"/Users/joepegler/Workspace/abstractjs/src/sdk/account/utils/explorer.test.ts": {"lines":{"total":27,"covered":27,"skipped":0,"pct":100},"functions":{"total":7,"covered":7,"skipped":0,"pct":100},"statements":{"total":27,"covered":27,"skipped":0,"pct":100},"branches":{"total":0,"covered":0,"skipped":0,"pct":100}}
,"/Users/joepegler/Workspace/abstractjs/src/sdk/account/utils/explorer.ts": {"lines":{"total":7,"covered":7,"skipped":0,"pct":100},"functions":{"total":3,"covered":3,"skipped":0,"pct":100},"statements":{"total":7,"covered":7,"skipped":0,"pct":100},"branches":{"total":4,"covered":4,"skipped":0,"pct":100}}
,"/Users/joepegler/Workspace/abstractjs/src/sdk/account/utils/getAAError.ts": {"lines":{"total":27,"covered":7,"skipped":0,"pct":25.92},"functions":{"total":4,"covered":0,"skipped":0,"pct":0},"statements":{"total":27,"covered":7,"skipped":0,"pct":25.92},"branches":{"total":18,"covered":0,"skipped":0,"pct":0}}
,"/Users/joepegler/Workspace/abstractjs/src/sdk/account/utils/getChain.ts": {"lines":{"total":12,"covered":12,"skipped":0,"pct":100},"functions":{"total":3,"covered":3,"skipped":0,"pct":100},"statements":{"total":12,"covered":12,"skipped":0,"pct":100},"branches":{"total":12,"covered":9,"skipped":0,"pct":75}}
,"/Users/joepegler/Workspace/abstractjs/src/sdk/account/utils/getMultichainContract.test.ts": {"lines":{"total":27,"covered":27,"skipped":0,"pct":100},"functions":{"total":10,"covered":10,"skipped":0,"pct":100},"statements":{"total":29,"covered":29,"skipped":0,"pct":100},"branches":{"total":0,"covered":0,"skipped":0,"pct":100}}
,"/Users/joepegler/Workspace/abstractjs/src/sdk/account/utils/getMultichainContract.ts": {"lines":{"total":42,"covered":38,"skipped":0,"pct":90.47},"functions":{"total":12,"covered":12,"skipped":0,"pct":100},"statements":{"total":43,"covered":39,"skipped":0,"pct":90.69},"branches":{"total":24,"covered":18,"skipped":0,"pct":75}}
,"/Users/joepegler/Workspace/abstractjs/src/sdk/account/utils/parseErrorMessage.test.ts": {"lines":{"total":49,"covered":49,"skipped":0,"pct":100},"functions":{"total":15,"covered":15,"skipped":0,"pct":100},"statements":{"total":49,"covered":49,"skipped":0,"pct":100},"branches":{"total":0,"covered":0,"skipped":0,"pct":100}}
,"/Users/joepegler/Workspace/abstractjs/src/sdk/account/utils/parseErrorMessage.ts": {"lines":{"total":41,"covered":40,"skipped":0,"pct":97.56},"functions":{"total":7,"covered":7,"skipped":0,"pct":100},"statements":{"total":42,"covered":41,"skipped":0,"pct":97.61},"branches":{"total":45,"covered":45,"skipped":0,"pct":100}}
,"/Users/joepegler/Workspace/abstractjs/src/sdk/account/utils/parseTransactionStatus.test.ts": {"lines":{"total":29,"covered":29,"skipped":0,"pct":100},"functions":{"total":5,"covered":5,"skipped":0,"pct":100},"statements":{"total":29,"covered":29,"skipped":0,"pct":100},"branches":{"total":0,"covered":0,"skipped":0,"pct":100}}
,"/Users/joepegler/Workspace/abstractjs/src/sdk/account/utils/parseTransactionStatus.ts": {"lines":{"total":10,"covered":9,"skipped":0,"pct":90},"functions":{"total":5,"covered":5,"skipped":0,"pct":100},"statements":{"total":16,"covered":15,"skipped":0,"pct":93.75},"branches":{"total":8,"covered":7,"skipped":0,"pct":87.5}}
,"/Users/joepegler/Workspace/abstractjs/src/sdk/account/utils/resolveInstructions.test.ts": {"lines":{"total":5,"covered":5,"skipped":0,"pct":100},"functions":{"total":2,"covered":2,"skipped":0,"pct":100},"statements":{"total":5,"covered":5,"skipped":0,"pct":100},"branches":{"total":0,"covered":0,"skipped":0,"pct":100}}
,"/Users/joepegler/Workspace/abstractjs/src/sdk/account/utils/resolveInstructions.ts": {"lines":{"total":3,"covered":3,"skipped":0,"pct":100},"functions":{"total":2,"covered":2,"skipped":0,"pct":100},"statements":{"total":3,"covered":3,"skipped":0,"pct":100},"branches":{"total":2,"covered":1,"skipped":0,"pct":50}}
,"/Users/joepegler/Workspace/abstractjs/src/sdk/account/utils/tenderlySimulation.ts": {"lines":{"total":13,"covered":1,"skipped":0,"pct":7.69},"functions":{"total":2,"covered":0,"skipped":0,"pct":0},"statements":{"total":13,"covered":1,"skipped":0,"pct":7.69},"branches":{"total":3,"covered":0,"skipped":0,"pct":0}}
,"/Users/joepegler/Workspace/abstractjs/src/sdk/account/utils/toAcrossPlugin.ts": {"lines":{"total":23,"covered":23,"skipped":0,"pct":100},"functions":{"total":4,"covered":4,"skipped":0,"pct":100},"statements":{"total":24,"covered":24,"skipped":0,"pct":100},"branches":{"total":2,"covered":1,"skipped":0,"pct":50}}
,"/Users/joepegler/Workspace/abstractjs/src/sdk/account/utils/toFeeToken.test.ts": {"lines":{"total":11,"covered":11,"skipped":0,"pct":100},"functions":{"total":3,"covered":3,"skipped":0,"pct":100},"statements":{"total":11,"covered":11,"skipped":0,"pct":100},"branches":{"total":0,"covered":0,"skipped":0,"pct":100}}
,"/Users/joepegler/Workspace/abstractjs/src/sdk/account/utils/toFeeToken.ts": {"lines":{"total":1,"covered":0,"skipped":0,"pct":0},"functions":{"total":1,"covered":0,"skipped":0,"pct":0},"statements":{"total":1,"covered":0,"skipped":0,"pct":0},"branches":{"total":0,"covered":0,"skipped":0,"pct":100}}
,"/Users/joepegler/Workspace/abstractjs/src/sdk/account/utils/toSigner.test.ts": {"lines":{"total":27,"covered":27,"skipped":0,"pct":100},"functions":{"total":6,"covered":6,"skipped":0,"pct":100},"statements":{"total":27,"covered":27,"skipped":0,"pct":100},"branches":{"total":0,"covered":0,"skipped":0,"pct":100}}
,"/Users/joepegler/Workspace/abstractjs/src/sdk/account/utils/toSigner.ts": {"lines":{"total":33,"covered":25,"skipped":0,"pct":75.75},"functions":{"total":7,"covered":5,"skipped":0,"pct":71.42},"statements":{"total":33,"covered":25,"skipped":0,"pct":75.75},"branches":{"total":24,"covered":16,"skipped":0,"pct":66.66}}
,"/Users/joepegler/Workspace/abstractjs/src/sdk/account/utils/toValidator.ts": {"lines":{"total":3,"covered":0,"skipped":0,"pct":0},"functions":{"total":1,"covered":0,"skipped":0,"pct":0},"statements":{"total":3,"covered":0,"skipped":0,"pct":0},"branches":{"total":6,"covered":0,"skipped":0,"pct":0}}
,"/Users/joepegler/Workspace/abstractjs/src/sdk/account/utils/utils.test.ts": {"lines":{"total":24,"covered":24,"skipped":0,"pct":100},"functions":{"total":4,"covered":4,"skipped":0,"pct":100},"statements":{"total":24,"covered":24,"skipped":0,"pct":100},"branches":{"total":0,"covered":0,"skipped":0,"pct":100}}
,"/Users/joepegler/Workspace/abstractjs/src/sdk/clients/createBicoBundlerClient.test.ts": {"lines":{"total":34,"covered":33,"skipped":0,"pct":97.05},"functions":{"total":6,"covered":6,"skipped":0,"pct":100},"statements":{"total":34,"covered":33,"skipped":0,"pct":97.05},"branches":{"total":2,"covered":1,"skipped":0,"pct":50}}
,"/Users/joepegler/Workspace/abstractjs/src/sdk/clients/createBicoBundlerClient.ts": {"lines":{"total":14,"covered":13,"skipped":0,"pct":92.85},"functions":{"total":3,"covered":3,"skipped":0,"pct":100},"statements":{"total":14,"covered":13,"skipped":0,"pct":92.85},"branches":{"total":19,"covered":11,"skipped":0,"pct":57.89}}
,"/Users/joepegler/Workspace/abstractjs/src/sdk/clients/createBicoPaymasterClient.test.ts": {"lines":{"total":90,"covered":13,"skipped":0,"pct":14.44},"functions":{"total":12,"covered":1,"skipped":0,"pct":8.33},"statements":{"total":90,"covered":13,"skipped":0,"pct":14.44},"branches":{"total":0,"covered":0,"skipped":0,"pct":100}}
,"/Users/joepegler/Workspace/abstractjs/src/sdk/clients/createBicoPaymasterClient.ts": {"lines":{"total":10,"covered":4,"skipped":0,"pct":40},"functions":{"total":3,"covered":0,"skipped":0,"pct":0},"statements":{"total":10,"covered":4,"skipped":0,"pct":40},"branches":{"total":8,"covered":0,"skipped":0,"pct":0}}
,"/Users/joepegler/Workspace/abstractjs/src/sdk/clients/createBundlerClient.test.ts": {"lines":{"total":34,"covered":33,"skipped":0,"pct":97.05},"functions":{"total":7,"covered":7,"skipped":0,"pct":100},"statements":{"total":34,"covered":33,"skipped":0,"pct":97.05},"branches":{"total":2,"covered":1,"skipped":0,"pct":50}}
,"/Users/joepegler/Workspace/abstractjs/src/sdk/clients/createHttpClient.test.ts": {"lines":{"total":14,"covered":14,"skipped":0,"pct":100},"functions":{"total":3,"covered":3,"skipped":0,"pct":100},"statements":{"total":14,"covered":14,"skipped":0,"pct":100},"branches":{"total":0,"covered":0,"skipped":0,"pct":100}}
,"/Users/joepegler/Workspace/abstractjs/src/sdk/clients/createHttpClient.ts": {"lines":{"total":17,"covered":15,"skipped":0,"pct":88.23},"functions":{"total":4,"covered":4,"skipped":0,"pct":100},"statements":{"total":18,"covered":16,"skipped":0,"pct":88.88},"branches":{"total":9,"covered":6,"skipped":0,"pct":66.66}}
,"/Users/joepegler/Workspace/abstractjs/src/sdk/clients/createMeeClient.test.ts": {"lines":{"total":70,"covered":70,"skipped":0,"pct":100},"functions":{"total":9,"covered":9,"skipped":0,"pct":100},"statements":{"total":70,"covered":70,"skipped":0,"pct":100},"branches":{"total":0,"covered":0,"skipped":0,"pct":100}}
,"/Users/joepegler/Workspace/abstractjs/src/sdk/clients/createMeeClient.ts": {"lines":{"total":14,"covered":14,"skipped":0,"pct":100},"functions":{"total":3,"covered":3,"skipped":0,"pct":100},"statements":{"total":14,"covered":14,"skipped":0,"pct":100},"branches":{"total":6,"covered":5,"skipped":0,"pct":83.33}}
,"/Users/joepegler/Workspace/abstractjs/src/sdk/clients/createNexusSessionClient.test.ts": {"lines":{"total":64,"covered":64,"skipped":0,"pct":100},"functions":{"total":7,"covered":7,"skipped":0,"pct":100},"statements":{"total":64,"covered":64,"skipped":0,"pct":100},"branches":{"total":2,"covered":1,"skipped":0,"pct":50}}
,"/Users/joepegler/Workspace/abstractjs/src/sdk/clients/createSmartAccountClient.test.ts": {"lines":{"total":124,"covered":120,"skipped":0,"pct":96.77},"functions":{"total":26,"covered":25,"skipped":0,"pct":96.15},"statements":{"total":130,"covered":126,"skipped":0,"pct":96.92},"branches":{"total":4,"covered":3,"skipped":0,"pct":75}}
,"/Users/joepegler/Workspace/abstractjs/src/sdk/clients/decorators/bundler/getGasFeeValues.ts": {"lines":{"total":5,"covered":5,"skipped":0,"pct":100},"functions":{"total":1,"covered":1,"skipped":0,"pct":100},"statements":{"total":5,"covered":5,"skipped":0,"pct":100},"branches":{"total":4,"covered":4,"skipped":0,"pct":100}}
,"/Users/joepegler/Workspace/abstractjs/src/sdk/clients/decorators/bundler/getUserOperationStatus.ts": {"lines":{"total":1,"covered":1,"skipped":0,"pct":100},"functions":{"total":1,"covered":1,"skipped":0,"pct":100},"statements":{"total":1,"covered":1,"skipped":0,"pct":100},"branches":{"total":0,"covered":0,"skipped":0,"pct":100}}
,"/Users/joepegler/Workspace/abstractjs/src/sdk/clients/decorators/bundler/index.ts": {"lines":{"total":7,"covered":5,"skipped":0,"pct":71.42},"functions":{"total":6,"covered":4,"skipped":0,"pct":66.66},"statements":{"total":7,"covered":5,"skipped":0,"pct":71.42},"branches":{"total":0,"covered":0,"skipped":0,"pct":100}}
,"/Users/joepegler/Workspace/abstractjs/src/sdk/clients/decorators/bundler/waitForConfirmedUserOperationReceipt.ts": {"lines":{"total":12,"covered":10,"skipped":0,"pct":83.33},"functions":{"total":2,"covered":2,"skipped":0,"pct":100},"statements":{"total":12,"covered":10,"skipped":0,"pct":83.33},"branches":{"total":10,"covered":7,"skipped":0,"pct":70}}
,"/Users/joepegler/Workspace/abstractjs/src/sdk/clients/decorators/bundler/waitForUserOperationReceipt.ts": {"lines":{"total":1,"covered":1,"skipped":0,"pct":100},"functions":{"total":1,"covered":1,"skipped":0,"pct":100},"statements":{"total":1,"covered":1,"skipped":0,"pct":100},"branches":{"total":0,"covered":0,"skipped":0,"pct":100}}
,"/Users/joepegler/Workspace/abstractjs/src/sdk/clients/decorators/erc7579/accountId.ts": {"lines":{"total":17,"covered":8,"skipped":0,"pct":47.05},"functions":{"total":1,"covered":1,"skipped":0,"pct":100},"statements":{"total":17,"covered":8,"skipped":0,"pct":47.05},"branches":{"total":10,"covered":2,"skipped":0,"pct":20}}
,"/Users/joepegler/Workspace/abstractjs/src/sdk/clients/decorators/erc7579/erc7579.decorators.test.ts": {"lines":{"total":36,"covered":36,"skipped":0,"pct":100},"functions":{"total":7,"covered":7,"skipped":0,"pct":100},"statements":{"total":36,"covered":36,"skipped":0,"pct":100},"branches":{"total":0,"covered":0,"skipped":0,"pct":100}}
,"/Users/joepegler/Workspace/abstractjs/src/sdk/clients/decorators/erc7579/getActiveHook.ts": {"lines":{"total":6,"covered":5,"skipped":0,"pct":83.33},"functions":{"total":1,"covered":1,"skipped":0,"pct":100},"statements":{"total":6,"covered":5,"skipped":0,"pct":83.33},"branches":{"total":4,"covered":3,"skipped":0,"pct":75}}
,"/Users/joepegler/Workspace/abstractjs/src/sdk/clients/decorators/erc7579/getFallbackBySelector.ts": {"lines":{"total":6,"covered":5,"skipped":0,"pct":83.33},"functions":{"total":1,"covered":1,"skipped":0,"pct":100},"statements":{"total":6,"covered":5,"skipped":0,"pct":83.33},"branches":{"total":4,"covered":2,"skipped":0,"pct":50}}
,"/Users/joepegler/Workspace/abstractjs/src/sdk/clients/decorators/erc7579/getInstalledExecutors.ts": {"lines":{"total":8,"covered":7,"skipped":0,"pct":87.5},"functions":{"total":1,"covered":1,"skipped":0,"pct":100},"statements":{"total":8,"covered":7,"skipped":0,"pct":87.5},"branches":{"total":8,"covered":7,"skipped":0,"pct":87.5}}
,"/Users/joepegler/Workspace/abstractjs/src/sdk/clients/decorators/erc7579/getInstalledValidators.ts": {"lines":{"total":8,"covered":7,"skipped":0,"pct":87.5},"functions":{"total":1,"covered":1,"skipped":0,"pct":100},"statements":{"total":8,"covered":7,"skipped":0,"pct":87.5},"branches":{"total":8,"covered":7,"skipped":0,"pct":87.5}}
,"/Users/joepegler/Workspace/abstractjs/src/sdk/clients/decorators/erc7579/getPreviousModule.ts": {"lines":{"total":19,"covered":9,"skipped":0,"pct":47.36},"functions":{"total":1,"covered":1,"skipped":0,"pct":100},"statements":{"total":19,"covered":9,"skipped":0,"pct":47.36},"branches":{"total":15,"covered":5,"skipped":0,"pct":33.33}}
,"/Users/joepegler/Workspace/abstractjs/src/sdk/clients/decorators/erc7579/index.ts": {"lines":{"total":15,"covered":13,"skipped":0,"pct":86.66},"functions":{"total":15,"covered":13,"skipped":0,"pct":86.66},"statements":{"total":15,"covered":13,"skipped":0,"pct":86.66},"branches":{"total":0,"covered":0,"skipped":0,"pct":100}}
,"/Users/joepegler/Workspace/abstractjs/src/sdk/clients/decorators/erc7579/installModule.ts": {"lines":{"total":17,"covered":16,"skipped":0,"pct":94.11},"functions":{"total":1,"covered":1,"skipped":0,"pct":100},"statements":{"total":17,"covered":16,"skipped":0,"pct":94.11},"branches":{"total":13,"covered":10,"skipped":0,"pct":76.92}}
,"/Users/joepegler/Workspace/abstractjs/src/sdk/clients/decorators/erc7579/installModules.ts": {"lines":{"total":6,"covered":0,"skipped":0,"pct":0},"functions":{"total":2,"covered":0,"skipped":0,"pct":0},"statements":{"total":6,"covered":0,"skipped":0,"pct":0},"branches":{"total":3,"covered":0,"skipped":0,"pct":0}}
,"/Users/joepegler/Workspace/abstractjs/src/sdk/clients/decorators/erc7579/isModuleInstalled.ts": {"lines":{"total":15,"covered":7,"skipped":0,"pct":46.66},"functions":{"total":1,"covered":1,"skipped":0,"pct":100},"statements":{"total":15,"covered":7,"skipped":0,"pct":46.66},"branches":{"total":13,"covered":4,"skipped":0,"pct":30.76}}
,"/Users/joepegler/Workspace/abstractjs/src/sdk/clients/decorators/erc7579/moduleActivator.ts": {"lines":{"total":3,"covered":3,"skipped":0,"pct":100},"functions":{"total":2,"covered":2,"skipped":0,"pct":100},"statements":{"total":3,"covered":3,"skipped":0,"pct":100},"branches":{"total":0,"covered":0,"skipped":0,"pct":100}}
,"/Users/joepegler/Workspace/abstractjs/src/sdk/clients/decorators/erc7579/supportsExecutionMode.ts": {"lines":{"total":21,"covered":11,"skipped":0,"pct":52.38},"functions":{"total":3,"covered":3,"skipped":0,"pct":100},"statements":{"total":21,"covered":11,"skipped":0,"pct":52.38},"branches":{"total":18,"covered":8,"skipped":0,"pct":44.44}}
,"/Users/joepegler/Workspace/abstractjs/src/sdk/clients/decorators/erc7579/supportsModule.ts": {"lines":{"total":21,"covered":10,"skipped":0,"pct":47.61},"functions":{"total":2,"covered":2,"skipped":0,"pct":100},"statements":{"total":21,"covered":10,"skipped":0,"pct":47.61},"branches":{"total":14,"covered":4,"skipped":0,"pct":28.57}}
,"/Users/joepegler/Workspace/abstractjs/src/sdk/clients/decorators/erc7579/uninstallModule.test.ts": {"lines":{"total":47,"covered":47,"skipped":0,"pct":100},"functions":{"total":4,"covered":4,"skipped":0,"pct":100},"statements":{"total":47,"covered":47,"skipped":0,"pct":100},"branches":{"total":4,"covered":2,"skipped":0,"pct":50}}
,"/Users/joepegler/Workspace/abstractjs/src/sdk/clients/decorators/erc7579/uninstallModule.ts": {"lines":{"total":8,"covered":7,"skipped":0,"pct":87.5},"functions":{"total":1,"covered":1,"skipped":0,"pct":100},"statements":{"total":8,"covered":7,"skipped":0,"pct":87.5},"branches":{"total":5,"covered":4,"skipped":0,"pct":80}}
,"/Users/joepegler/Workspace/abstractjs/src/sdk/clients/decorators/erc7579/uninstallModules.ts": {"lines":{"total":6,"covered":0,"skipped":0,"pct":0},"functions":{"total":2,"covered":0,"skipped":0,"pct":0},"statements":{"total":6,"covered":0,"skipped":0,"pct":0},"branches":{"total":5,"covered":0,"skipped":0,"pct":0}}
,"/Users/joepegler/Workspace/abstractjs/src/sdk/clients/decorators/mee/execute.test.ts": {"lines":{"total":17,"covered":17,"skipped":0,"pct":100},"functions":{"total":3,"covered":3,"skipped":0,"pct":100},"statements":{"total":17,"covered":17,"skipped":0,"pct":100},"branches":{"total":0,"covered":0,"skipped":0,"pct":100}}
,"/Users/joepegler/Workspace/abstractjs/src/sdk/clients/decorators/mee/execute.ts": {"lines":{"total":4,"covered":4,"skipped":0,"pct":100},"functions":{"total":1,"covered":1,"skipped":0,"pct":100},"statements":{"total":4,"covered":4,"skipped":0,"pct":100},"branches":{"total":0,"covered":0,"skipped":0,"pct":100}}
,"/Users/joepegler/Workspace/abstractjs/src/sdk/clients/decorators/mee/executeFusionQuote.test.ts": {"lines":{"total":27,"covered":5,"skipped":0,"pct":18.51},"functions":{"total":3,"covered":1,"skipped":0,"pct":33.33},"statements":{"total":27,"covered":5,"skipped":0,"pct":18.51},"branches":{"total":0,"covered":0,"skipped":0,"pct":100}}
,"/Users/joepegler/Workspace/abstractjs/src/sdk/clients/decorators/mee/executeFusionQuote.ts": {"lines":{"total":3,"covered":3,"skipped":0,"pct":100},"functions":{"total":1,"covered":1,"skipped":0,"pct":100},"statements":{"total":3,"covered":3,"skipped":0,"pct":100},"branches":{"total":0,"covered":0,"skipped":0,"pct":100}}
,"/Users/joepegler/Workspace/abstractjs/src/sdk/clients/decorators/mee/executeQuote.test.ts": {"lines":{"total":17,"covered":17,"skipped":0,"pct":100},"functions":{"total":3,"covered":3,"skipped":0,"pct":100},"statements":{"total":17,"covered":17,"skipped":0,"pct":100},"branches":{"total":0,"covered":0,"skipped":0,"pct":100}}
,"/Users/joepegler/Workspace/abstractjs/src/sdk/clients/decorators/mee/executeQuote.ts": {"lines":{"total":3,"covered":3,"skipped":0,"pct":100},"functions":{"total":1,"covered":1,"skipped":0,"pct":100},"statements":{"total":3,"covered":3,"skipped":0,"pct":100},"branches":{"total":0,"covered":0,"skipped":0,"pct":100}}
,"/Users/joepegler/Workspace/abstractjs/src/sdk/clients/decorators/mee/executeSignedQuote.test.ts": {"lines":{"total":19,"covered":19,"skipped":0,"pct":100},"functions":{"total":3,"covered":3,"skipped":0,"pct":100},"statements":{"total":19,"covered":19,"skipped":0,"pct":100},"branches":{"total":0,"covered":0,"skipped":0,"pct":100}}
,"/Users/joepegler/Workspace/abstractjs/src/sdk/clients/decorators/mee/executeSignedQuote.ts": {"lines":{"total":2,"covered":2,"skipped":0,"pct":100},"functions":{"total":1,"covered":1,"skipped":0,"pct":100},"statements":{"total":2,"covered":2,"skipped":0,"pct":100},"branches":{"total":0,"covered":0,"skipped":0,"pct":100}}
,"/Users/joepegler/Workspace/abstractjs/src/sdk/clients/decorators/mee/getFusionQuote.test.ts": {"lines":{"total":17,"covered":17,"skipped":0,"pct":100},"functions":{"total":3,"covered":3,"skipped":0,"pct":100},"statements":{"total":17,"covered":17,"skipped":0,"pct":100},"branches":{"total":0,"covered":0,"skipped":0,"pct":100}}
,"/Users/joepegler/Workspace/abstractjs/src/sdk/clients/decorators/mee/getFusionQuote.ts": {"lines":{"total":3,"covered":3,"skipped":0,"pct":100},"functions":{"total":1,"covered":1,"skipped":0,"pct":100},"statements":{"total":3,"covered":3,"skipped":0,"pct":100},"branches":{"total":2,"covered":1,"skipped":0,"pct":50}}
,"/Users/joepegler/Workspace/abstractjs/src/sdk/clients/decorators/mee/getGasToken.test.ts": {"lines":{"total":17,"covered":17,"skipped":0,"pct":100},"functions":{"total":5,"covered":5,"skipped":0,"pct":100},"statements":{"total":17,"covered":17,"skipped":0,"pct":100},"branches":{"total":0,"covered":0,"skipped":0,"pct":100}}
,"/Users/joepegler/Workspace/abstractjs/src/sdk/clients/decorators/mee/getGasToken.ts": {"lines":{"total":6,"covered":6,"skipped":0,"pct":100},"functions":{"total":2,"covered":2,"skipped":0,"pct":100},"statements":{"total":6,"covered":6,"skipped":0,"pct":100},"branches":{"total":2,"covered":2,"skipped":0,"pct":100}}
,"/Users/joepegler/Workspace/abstractjs/src/sdk/clients/decorators/mee/getInfo.test.ts": {"lines":{"total":39,"covered":39,"skipped":0,"pct":100},"functions":{"total":12,"covered":12,"skipped":0,"pct":100},"statements":{"total":40,"covered":40,"skipped":0,"pct":100},"branches":{"total":0,"covered":0,"skipped":0,"pct":100}}
,"/Users/joepegler/Workspace/abstractjs/src/sdk/clients/decorators/mee/getInfo.ts": {"lines":{"total":2,"covered":2,"skipped":0,"pct":100},"functions":{"total":1,"covered":1,"skipped":0,"pct":100},"statements":{"total":2,"covered":2,"skipped":0,"pct":100},"branches":{"total":0,"covered":0,"skipped":0,"pct":100}}
,"/Users/joepegler/Workspace/abstractjs/src/sdk/clients/decorators/mee/getOnChainQuote.test.ts": {"lines":{"total":18,"covered":18,"skipped":0,"pct":100},"functions":{"total":3,"covered":3,"skipped":0,"pct":100},"statements":{"total":18,"covered":18,"skipped":0,"pct":100},"branches":{"total":0,"covered":0,"skipped":0,"pct":100}}
,"/Users/joepegler/Workspace/abstractjs/src/sdk/clients/decorators/mee/getOnChainQuote.ts": {"lines":{"total":9,"covered":9,"skipped":0,"pct":100},"functions":{"total":1,"covered":1,"skipped":0,"pct":100},"statements":{"total":9,"covered":9,"skipped":0,"pct":100},"branches":{"total":1,"covered":1,"skipped":0,"pct":100}}
,"/Users/joepegler/Workspace/abstractjs/src/sdk/clients/decorators/mee/getPaymentToken.test.ts": {"lines":{"total":27,"covered":27,"skipped":0,"pct":100},"functions":{"total":8,"covered":8,"skipped":0,"pct":100},"statements":{"total":28,"covered":28,"skipped":0,"pct":100},"branches":{"total":0,"covered":0,"skipped":0,"pct":100}}
,"/Users/joepegler/Workspace/abstractjs/src/sdk/clients/decorators/mee/getPaymentToken.ts": {"lines":{"total":7,"covered":7,"skipped":0,"pct":100},"functions":{"total":2,"covered":2,"skipped":0,"pct":100},"statements":{"total":7,"covered":7,"skipped":0,"pct":100},"branches":{"total":2,"covered":2,"skipped":0,"pct":100}}
,"/Users/joepegler/Workspace/abstractjs/src/sdk/clients/decorators/mee/getPermitQuote.test.ts": {"lines":{"total":21,"covered":21,"skipped":0,"pct":100},"functions":{"total":4,"covered":4,"skipped":0,"pct":100},"statements":{"total":21,"covered":21,"skipped":0,"pct":100},"branches":{"total":0,"covered":0,"skipped":0,"pct":100}}
,"/Users/joepegler/Workspace/abstractjs/src/sdk/clients/decorators/mee/getPermitQuote.ts": {"lines":{"total":9,"covered":9,"skipped":0,"pct":100},"functions":{"total":1,"covered":1,"skipped":0,"pct":100},"statements":{"total":9,"covered":9,"skipped":0,"pct":100},"branches":{"total":1,"covered":1,"skipped":0,"pct":100}}
,"/Users/joepegler/Workspace/abstractjs/src/sdk/clients/decorators/mee/getQuote.test.ts": {"lines":{"total":17,"covered":17,"skipped":0,"pct":100},"functions":{"total":4,"covered":4,"skipped":0,"pct":100},"statements":{"total":17,"covered":17,"skipped":0,"pct":100},"branches":{"total":0,"covered":0,"skipped":0,"pct":100}}
,"/Users/joepegler/Workspace/abstractjs/src/sdk/clients/decorators/mee/getQuote.ts": {"lines":{"total":27,"covered":23,"skipped":0,"pct":85.18},"functions":{"total":9,"covered":8,"skipped":0,"pct":88.88},"statements":{"total":27,"covered":23,"skipped":0,"pct":85.18},"branches":{"total":26,"covered":23,"skipped":0,"pct":88.46}}
,"/Users/joepegler/Workspace/abstractjs/src/sdk/clients/decorators/mee/getSupertransactionReceipt.ts": {"lines":{"total":20,"covered":19,"skipped":0,"pct":95},"functions":{"total":7,"covered":7,"skipped":0,"pct":100},"statements":{"total":21,"covered":20,"skipped":0,"pct":95.23},"branches":{"total":14,"covered":10,"skipped":0,"pct":71.42}}
,"/Users/joepegler/Workspace/abstractjs/src/sdk/clients/decorators/mee/index.ts": {"lines":{"total":18,"covered":14,"skipped":0,"pct":77.77},"functions":{"total":17,"covered":13,"skipped":0,"pct":76.47},"statements":{"total":18,"covered":14,"skipped":0,"pct":77.77},"branches":{"total":0,"covered":0,"skipped":0,"pct":100}}
,"/Users/joepegler/Workspace/abstractjs/src/sdk/clients/decorators/mee/signFusionQuote.test.ts": {"lines":{"total":34,"covered":16,"skipped":0,"pct":47.05},"functions":{"total":4,"covered":3,"skipped":0,"pct":75},"statements":{"total":34,"covered":16,"skipped":0,"pct":47.05},"branches":{"total":0,"covered":0,"skipped":0,"pct":100}}
,"/Users/joepegler/Workspace/abstractjs/src/sdk/clients/decorators/mee/signFusionQuote.ts": {"lines":{"total":3,"covered":3,"skipped":0,"pct":100},"functions":{"total":1,"covered":1,"skipped":0,"pct":100},"statements":{"total":3,"covered":3,"skipped":0,"pct":100},"branches":{"total":2,"covered":1,"skipped":0,"pct":50}}
,"/Users/joepegler/Workspace/abstractjs/src/sdk/clients/decorators/mee/signOnChainQuote.test.ts": {"lines":{"total":32,"covered":5,"skipped":0,"pct":15.62},"functions":{"total":3,"covered":1,"skipped":0,"pct":33.33},"statements":{"total":32,"covered":5,"skipped":0,"pct":15.62},"branches":{"total":0,"covered":0,"skipped":0,"pct":100}}
,"/Users/joepegler/Workspace/abstractjs/src/sdk/clients/decorators/mee/signOnChainQuote.ts": {"lines":{"total":11,"covered":11,"skipped":0,"pct":100},"functions":{"total":1,"covered":1,"skipped":0,"pct":100},"statements":{"total":11,"covered":11,"skipped":0,"pct":100},"branches":{"total":4,"covered":3,"skipped":0,"pct":75}}
,"/Users/joepegler/Workspace/abstractjs/src/sdk/clients/decorators/mee/signPermitQuote.test.ts": {"lines":{"total":43,"covered":24,"skipped":0,"pct":55.81},"functions":{"total":6,"covered":5,"skipped":0,"pct":83.33},"statements":{"total":43,"covered":24,"skipped":0,"pct":55.81},"branches":{"total":0,"covered":0,"skipped":0,"pct":100}}
,"/Users/joepegler/Workspace/abstractjs/src/sdk/clients/decorators/mee/signPermitQuote.ts": {"lines":{"total":12,"covered":12,"skipped":0,"pct":100},"functions":{"total":1,"covered":1,"skipped":0,"pct":100},"statements":{"total":12,"covered":12,"skipped":0,"pct":100},"branches":{"total":1,"covered":1,"skipped":0,"pct":100}}
,"/Users/joepegler/Workspace/abstractjs/src/sdk/clients/decorators/mee/signQuote.test.ts": {"lines":{"total":16,"covered":16,"skipped":0,"pct":100},"functions":{"total":3,"covered":3,"skipped":0,"pct":100},"statements":{"total":16,"covered":16,"skipped":0,"pct":100},"branches":{"total":0,"covered":0,"skipped":0,"pct":100}}
,"/Users/joepegler/Workspace/abstractjs/src/sdk/clients/decorators/mee/signQuote.ts": {"lines":{"total":5,"covered":5,"skipped":0,"pct":100},"functions":{"total":1,"covered":1,"skipped":0,"pct":100},"statements":{"total":5,"covered":5,"skipped":0,"pct":100},"branches":{"total":1,"covered":1,"skipped":0,"pct":100}}
,"/Users/joepegler/Workspace/abstractjs/src/sdk/clients/decorators/mee/waitForSupertransactionReceipt.ts": {"lines":{"total":9,"covered":9,"skipped":0,"pct":100},"functions":{"total":2,"covered":2,"skipped":0,"pct":100},"statements":{"total":10,"covered":10,"skipped":0,"pct":100},"branches":{"total":4,"covered":3,"skipped":0,"pct":75}}
,"/Users/joepegler/Workspace/abstractjs/src/sdk/clients/decorators/smartAccount/account.decorators.test.ts": {"lines":{"total":35,"covered":35,"skipped":0,"pct":100},"functions":{"total":7,"covered":7,"skipped":0,"pct":100},"statements":{"total":35,"covered":35,"skipped":0,"pct":100},"branches":{"total":0,"covered":0,"skipped":0,"pct":100}}
,"/Users/joepegler/Workspace/abstractjs/src/sdk/clients/decorators/smartAccount/debugUserOperation.ts": {"lines":{"total":29,"covered":0,"skipped":0,"pct":0},"functions":{"total":1,"covered":0,"skipped":0,"pct":0},"statements":{"total":30,"covered":0,"skipped":0,"pct":0},"branches":{"total":21,"covered":0,"skipped":0,"pct":0}}
,"/Users/joepegler/Workspace/abstractjs/src/sdk/clients/decorators/smartAccount/index.ts": {"lines":{"total":11,"covered":8,"skipped":0,"pct":72.72},"functions":{"total":11,"covered":8,"skipped":0,"pct":72.72},"statements":{"total":11,"covered":8,"skipped":0,"pct":72.72},"branches":{"total":0,"covered":0,"skipped":0,"pct":100}}
,"/Users/joepegler/Workspace/abstractjs/src/sdk/clients/decorators/smartAccount/prepareTokenPaymasterUserOp.ts": {"lines":{"total":4,"covered":0,"skipped":0,"pct":0},"functions":{"total":1,"covered":0,"skipped":0,"pct":0},"statements":{"total":4,"covered":0,"skipped":0,"pct":0},"branches":{"total":2,"covered":0,"skipped":0,"pct":0}}
,"/Users/joepegler/Workspace/abstractjs/src/sdk/clients/decorators/smartAccount/prepareUserOperationWithoutSignature.ts": {"lines":{"total":12,"covered":12,"skipped":0,"pct":100},"functions":{"total":2,"covered":2,"skipped":0,"pct":100},"statements":{"total":12,"covered":12,"skipped":0,"pct":100},"branches":{"total":4,"covered":4,"skipped":0,"pct":100}}
,"/Users/joepegler/Workspace/abstractjs/src/sdk/clients/decorators/smartAccount/sendTokenPaymasterUserOp.ts": {"lines":{"total":5,"covered":0,"skipped":0,"pct":0},"functions":{"total":1,"covered":0,"skipped":0,"pct":0},"statements":{"total":5,"covered":0,"skipped":0,"pct":0},"branches":{"total":2,"covered":0,"skipped":0,"pct":0}}
,"/Users/joepegler/Workspace/abstractjs/src/sdk/clients/decorators/smartAccount/sendTransaction.ts": {"lines":{"total":10,"covered":9,"skipped":0,"pct":90},"functions":{"total":1,"covered":1,"skipped":0,"pct":100},"statements":{"total":11,"covered":9,"skipped":0,"pct":81.81},"branches":{"total":13,"covered":9,"skipped":0,"pct":69.23}}
,"/Users/joepegler/Workspace/abstractjs/src/sdk/clients/decorators/smartAccount/signMessage.ts": {"lines":{"total":4,"covered":3,"skipped":0,"pct":75},"functions":{"total":1,"covered":1,"skipped":0,"pct":100},"statements":{"total":4,"covered":3,"skipped":0,"pct":75},"branches":{"total":3,"covered":2,"skipped":0,"pct":66.66}}
,"/Users/joepegler/Workspace/abstractjs/src/sdk/clients/decorators/smartAccount/signTypedData.ts": {"lines":{"total":6,"covered":5,"skipped":0,"pct":83.33},"functions":{"total":1,"covered":1,"skipped":0,"pct":100},"statements":{"total":6,"covered":5,"skipped":0,"pct":83.33},"branches":{"total":3,"covered":2,"skipped":0,"pct":66.66}}
,"/Users/joepegler/Workspace/abstractjs/src/sdk/clients/decorators/smartAccount/waitForTransactionReceipt.ts": {"lines":{"total":6,"covered":5,"skipped":0,"pct":83.33},"functions":{"total":1,"covered":1,"skipped":0,"pct":100},"statements":{"total":7,"covered":5,"skipped":0,"pct":71.42},"branches":{"total":5,"covered":3,"skipped":0,"pct":60}}
,"/Users/joepegler/Workspace/abstractjs/src/sdk/clients/decorators/smartAccount/writeContract.ts": {"lines":{"total":3,"covered":3,"skipped":0,"pct":100},"functions":{"total":1,"covered":1,"skipped":0,"pct":100},"statements":{"total":3,"covered":3,"skipped":0,"pct":100},"branches":{"total":2,"covered":1,"skipped":0,"pct":50}}
,"/Users/joepegler/Workspace/abstractjs/src/sdk/clients/decorators/tokenPaymaster/getSupportedTokens.ts": {"lines":{"total":5,"covered":1,"skipped":0,"pct":20},"functions":{"total":1,"covered":0,"skipped":0,"pct":0},"statements":{"total":5,"covered":1,"skipped":0,"pct":20},"branches":{"total":0,"covered":0,"skipped":0,"pct":100}}
,"/Users/joepegler/Workspace/abstractjs/src/sdk/clients/decorators/tokenPaymaster/getTokenPaymasterQuotes.ts": {"lines":{"total":4,"covered":1,"skipped":0,"pct":25},"functions":{"total":1,"covered":0,"skipped":0,"pct":0},"statements":{"total":4,"covered":1,"skipped":0,"pct":25},"branches":{"total":4,"covered":0,"skipped":0,"pct":0}}
,"/Users/joepegler/Workspace/abstractjs/src/sdk/clients/decorators/tokenPaymaster/index.ts": {"lines":{"total":4,"covered":1,"skipped":0,"pct":25},"functions":{"total":4,"covered":0,"skipped":0,"pct":0},"statements":{"total":5,"covered":1,"skipped":0,"pct":20},"branches":{"total":0,"covered":0,"skipped":0,"pct":100}}
,"/Users/joepegler/Workspace/abstractjs/src/sdk/constants/index.ts": {"lines":{"total":20,"covered":20,"skipped":0,"pct":100},"functions":{"total":0,"covered":0,"skipped":0,"pct":100},"statements":{"total":20,"covered":20,"skipped":0,"pct":100},"branches":{"total":0,"covered":0,"skipped":0,"pct":100}}
,"/Users/joepegler/Workspace/abstractjs/src/sdk/constants/abi/AavePoolAbi.ts": {"lines":{"total":1,"covered":1,"skipped":0,"pct":100},"functions":{"total":0,"covered":0,"skipped":0,"pct":100},"statements":{"total":1,"covered":1,"skipped":0,"pct":100},"branches":{"total":0,"covered":0,"skipped":0,"pct":100}}
,"/Users/joepegler/Workspace/abstractjs/src/sdk/constants/abi/AccountFactory.ts": {"lines":{"total":1,"covered":1,"skipped":0,"pct":100},"functions":{"total":0,"covered":0,"skipped":0,"pct":100},"statements":{"total":1,"covered":1,"skipped":0,"pct":100},"branches":{"total":0,"covered":0,"skipped":0,"pct":100}}
,"/Users/joepegler/Workspace/abstractjs/src/sdk/constants/abi/EIP1271Abi.ts": {"lines":{"total":1,"covered":1,"skipped":0,"pct":100},"functions":{"total":0,"covered":0,"skipped":0,"pct":100},"statements":{"total":1,"covered":1,"skipped":0,"pct":100},"branches":{"total":0,"covered":0,"skipped":0,"pct":100}}
,"/Users/joepegler/Workspace/abstractjs/src/sdk/constants/abi/ERC7484RegistryAbi.ts": {"lines":{"total":1,"covered":1,"skipped":0,"pct":100},"functions":{"total":0,"covered":0,"skipped":0,"pct":100},"statements":{"total":1,"covered":1,"skipped":0,"pct":100},"branches":{"total":0,"covered":0,"skipped":0,"pct":100}}
,"/Users/joepegler/Workspace/abstractjs/src/sdk/constants/abi/EntryPointABI.ts": {"lines":{"total":1,"covered":1,"skipped":0,"pct":100},"functions":{"total":0,"covered":0,"skipped":0,"pct":100},"statements":{"total":1,"covered":1,"skipped":0,"pct":100},"branches":{"total":0,"covered":0,"skipped":0,"pct":100}}
,"/Users/joepegler/Workspace/abstractjs/src/sdk/constants/abi/K1ValidatorFactory.ts": {"lines":{"total":1,"covered":1,"skipped":0,"pct":100},"functions":{"total":0,"covered":0,"skipped":0,"pct":100},"statements":{"total":1,"covered":1,"skipped":0,"pct":100},"branches":{"total":0,"covered":0,"skipped":0,"pct":100}}
,"/Users/joepegler/Workspace/abstractjs/src/sdk/constants/abi/NexusBootstrapAbi.ts": {"lines":{"total":1,"covered":1,"skipped":0,"pct":100},"functions":{"total":0,"covered":0,"skipped":0,"pct":100},"statements":{"total":1,"covered":1,"skipped":0,"pct":100},"branches":{"total":0,"covered":0,"skipped":0,"pct":100}}
,"/Users/joepegler/Workspace/abstractjs/src/sdk/constants/abi/SmartSessionAbi.ts": {"lines":{"total":1,"covered":1,"skipped":0,"pct":100},"functions":{"total":0,"covered":0,"skipped":0,"pct":100},"statements":{"total":1,"covered":1,"skipped":0,"pct":100},"branches":{"total":0,"covered":0,"skipped":0,"pct":100}}
,"/Users/joepegler/Workspace/abstractjs/src/sdk/constants/abi/TokenWithPermitAbi.ts": {"lines":{"total":1,"covered":1,"skipped":0,"pct":100},"functions":{"total":0,"covered":0,"skipped":0,"pct":100},"statements":{"total":1,"covered":1,"skipped":0,"pct":100},"branches":{"total":0,"covered":0,"skipped":0,"pct":100}}
,"/Users/joepegler/Workspace/abstractjs/src/sdk/constants/abi/UniActionPolicyAbi.ts": {"lines":{"total":1,"covered":1,"skipped":0,"pct":100},"functions":{"total":0,"covered":0,"skipped":0,"pct":100},"statements":{"total":1,"covered":1,"skipped":0,"pct":100},"branches":{"total":0,"covered":0,"skipped":0,"pct":100}}
,"/Users/joepegler/Workspace/abstractjs/src/sdk/constants/abi/UniswapSwapRouterAbi.ts": {"lines":{"total":1,"covered":1,"skipped":0,"pct":100},"functions":{"total":0,"covered":0,"skipped":0,"pct":100},"statements":{"total":1,"covered":1,"skipped":0,"pct":100},"branches":{"total":0,"covered":0,"skipped":0,"pct":100}}
,"/Users/joepegler/Workspace/abstractjs/src/sdk/constants/protocols/index.ts": {"lines":{"total":4,"covered":4,"skipped":0,"pct":100},"functions":{"total":0,"covered":0,"skipped":0,"pct":100},"statements":{"total":4,"covered":4,"skipped":0,"pct":100},"branches":{"total":0,"covered":0,"skipped":0,"pct":100}}
,"/Users/joepegler/Workspace/abstractjs/src/sdk/constants/protocols/protocols.test.ts": {"lines":{"total":17,"covered":17,"skipped":0,"pct":100},"functions":{"total":3,"covered":3,"skipped":0,"pct":100},"statements":{"total":17,"covered":17,"skipped":0,"pct":100},"branches":{"total":0,"covered":0,"skipped":0,"pct":100}}
,"/Users/joepegler/Workspace/abstractjs/src/sdk/constants/tokens/__AUTO_GENERATED__.ts": {"lines":{"total":127,"covered":127,"skipped":0,"pct":100},"functions":{"total":0,"covered":0,"skipped":0,"pct":100},"statements":{"total":127,"covered":127,"skipped":0,"pct":100},"branches":{"total":0,"covered":0,"skipped":0,"pct":100}}
,"/Users/joepegler/Workspace/abstractjs/src/sdk/constants/tokens/tokens.test.ts": {"lines":{"total":21,"covered":20,"skipped":0,"pct":95.23},"functions":{"total":4,"covered":4,"skipped":0,"pct":100},"statements":{"total":21,"covered":20,"skipped":0,"pct":95.23},"branches":{"total":2,"covered":1,"skipped":0,"pct":50}}
,"/Users/joepegler/Workspace/abstractjs/src/sdk/constants/tokens/tokens.ts": {"lines":{"total":4,"covered":4,"skipped":0,"pct":100},"functions":{"total":0,"covered":0,"skipped":0,"pct":100},"statements":{"total":4,"covered":4,"skipped":0,"pct":100},"branches":{"total":0,"covered":0,"skipped":0,"pct":100}}
,"/Users/joepegler/Workspace/abstractjs/src/sdk/modules/k1Validator/toK1Validator.test.ts": {"lines":{"total":41,"covered":36,"skipped":0,"pct":87.8},"functions":{"total":6,"covered":6,"skipped":0,"pct":100},"statements":{"total":41,"covered":36,"skipped":0,"pct":87.8},"branches":{"total":2,"covered":1,"skipped":0,"pct":50}}
,"/Users/joepegler/Workspace/abstractjs/src/sdk/modules/k1Validator/toK1Validator.ts": {"lines":{"total":14,"covered":14,"skipped":0,"pct":100},"functions":{"total":6,"covered":6,"skipped":0,"pct":100},"statements":{"total":14,"covered":14,"skipped":0,"pct":100},"branches":{"total":7,"covered":6,"skipped":0,"pct":85.71}}
,"/Users/joepegler/Workspace/abstractjs/src/sdk/modules/ownableValidator/toOwnableValidator.dx.test.ts": {"lines":{"total":27,"covered":27,"skipped":0,"pct":100},"functions":{"total":5,"covered":5,"skipped":0,"pct":100},"statements":{"total":27,"covered":27,"skipped":0,"pct":100},"branches":{"total":0,"covered":0,"skipped":0,"pct":100}}
,"/Users/joepegler/Workspace/abstractjs/src/sdk/modules/ownableValidator/toOwnableValidator.executor.test.ts": {"lines":{"total":39,"covered":39,"skipped":0,"pct":100},"functions":{"total":6,"covered":6,"skipped":0,"pct":100},"statements":{"total":39,"covered":39,"skipped":0,"pct":100},"branches":{"total":0,"covered":0,"skipped":0,"pct":100}}
,"/Users/joepegler/Workspace/abstractjs/src/sdk/modules/ownableValidator/toOwnableValidator.test.ts": {"lines":{"total":99,"covered":99,"skipped":0,"pct":100},"functions":{"total":10,"covered":10,"skipped":0,"pct":100},"statements":{"total":100,"covered":99,"skipped":0,"pct":99},"branches":{"total":16,"covered":9,"skipped":0,"pct":56.25}}
,"/Users/joepegler/Workspace/abstractjs/src/sdk/modules/ownableValidator/toOwnableValidator.ts": {"lines":{"total":16,"covered":12,"skipped":0,"pct":75},"functions":{"total":3,"covered":3,"skipped":0,"pct":100},"statements":{"total":16,"covered":12,"skipped":0,"pct":75},"branches":{"total":12,"covered":7,"skipped":0,"pct":58.33}}
,"/Users/joepegler/Workspace/abstractjs/src/sdk/modules/ownableValidator/decorators/addOwner.ts": {"lines":{"total":9,"covered":7,"skipped":0,"pct":77.77},"functions":{"total":1,"covered":1,"skipped":0,"pct":100},"statements":{"total":9,"covered":7,"skipped":0,"pct":77.77},"branches":{"total":5,"covered":3,"skipped":0,"pct":60}}
,"/Users/joepegler/Workspace/abstractjs/src/sdk/modules/ownableValidator/decorators/getAddOwnerTx.ts": {"lines":{"total":12,"covered":9,"skipped":0,"pct":75},"functions":{"total":1,"covered":1,"skipped":0,"pct":100},"statements":{"total":12,"covered":9,"skipped":0,"pct":75},"branches":{"total":7,"covered":4,"skipped":0,"pct":57.14}}
,"/Users/joepegler/Workspace/abstractjs/src/sdk/modules/ownableValidator/decorators/getOwners.ts": {"lines":{"total":9,"covered":7,"skipped":0,"pct":77.77},"functions":{"total":1,"covered":1,"skipped":0,"pct":100},"statements":{"total":9,"covered":7,"skipped":0,"pct":77.77},"branches":{"total":7,"covered":5,"skipped":0,"pct":71.42}}
,"/Users/joepegler/Workspace/abstractjs/src/sdk/modules/ownableValidator/decorators/getRemoveOwnerTx.ts": {"lines":{"total":11,"covered":8,"skipped":0,"pct":72.72},"functions":{"total":1,"covered":1,"skipped":0,"pct":100},"statements":{"total":11,"covered":8,"skipped":0,"pct":72.72},"branches":{"total":7,"covered":4,"skipped":0,"pct":57.14}}
,"/Users/joepegler/Workspace/abstractjs/src/sdk/modules/ownableValidator/decorators/getSetThresholdTx.ts": {"lines":{"total":9,"covered":7,"skipped":0,"pct":77.77},"functions":{"total":1,"covered":1,"skipped":0,"pct":100},"statements":{"total":10,"covered":7,"skipped":0,"pct":70},"branches":{"total":7,"covered":4,"skipped":0,"pct":57.14}}
,"/Users/joepegler/Workspace/abstractjs/src/sdk/modules/ownableValidator/decorators/getThreshold.ts": {"lines":{"total":9,"covered":7,"skipped":0,"pct":77.77},"functions":{"total":1,"covered":1,"skipped":0,"pct":100},"statements":{"total":9,"covered":7,"skipped":0,"pct":77.77},"branches":{"total":7,"covered":5,"skipped":0,"pct":71.42}}
,"/Users/joepegler/Workspace/abstractjs/src/sdk/modules/ownableValidator/decorators/index.ts": {"lines":{"total":12,"covered":11,"skipped":0,"pct":91.66},"functions":{"total":11,"covered":10,"skipped":0,"pct":90.9},"statements":{"total":12,"covered":11,"skipped":0,"pct":91.66},"branches":{"total":0,"covered":0,"skipped":0,"pct":100}}
,"/Users/joepegler/Workspace/abstractjs/src/sdk/modules/ownableValidator/decorators/ownables.decorators.test.ts": {"lines":{"total":29,"covered":29,"skipped":0,"pct":100},"functions":{"total":4,"covered":4,"skipped":0,"pct":100},"statements":{"total":29,"covered":29,"skipped":0,"pct":100},"branches":{"total":0,"covered":0,"skipped":0,"pct":100}}
,"/Users/joepegler/Workspace/abstractjs/src/sdk/modules/ownableValidator/decorators/prepareSignatures.ts": {"lines":{"total":9,"covered":7,"skipped":0,"pct":77.77},"functions":{"total":2,"covered":2,"skipped":0,"pct":100},"statements":{"total":9,"covered":7,"skipped":0,"pct":77.77},"branches":{"total":5,"covered":3,"skipped":0,"pct":60}}
,"/Users/joepegler/Workspace/abstractjs/src/sdk/modules/ownableValidator/decorators/removeOwner.ts": {"lines":{"total":9,"covered":0,"skipped":0,"pct":0},"functions":{"total":1,"covered":0,"skipped":0,"pct":0},"statements":{"total":9,"covered":0,"skipped":0,"pct":0},"branches":{"total":5,"covered":0,"skipped":0,"pct":0}}
,"/Users/joepegler/Workspace/abstractjs/src/sdk/modules/ownableValidator/decorators/setThreshold.ts": {"lines":{"total":6,"covered":5,"skipped":0,"pct":83.33},"functions":{"total":1,"covered":1,"skipped":0,"pct":100},"statements":{"total":6,"covered":5,"skipped":0,"pct":83.33},"branches":{"total":3,"covered":2,"skipped":0,"pct":66.66}}
,"/Users/joepegler/Workspace/abstractjs/src/sdk/modules/smartSessionsValidator/Helpers.ts": {"lines":{"total":37,"covered":32,"skipped":0,"pct":86.48},"functions":{"total":15,"covered":14,"skipped":0,"pct":93.33},"statements":{"total":37,"covered":32,"skipped":0,"pct":86.48},"branches":{"total":24,"covered":21,"skipped":0,"pct":87.5}}
,"/Users/joepegler/Workspace/abstractjs/src/sdk/modules/smartSessionsValidator/Types.ts": {"lines":{"total":7,"covered":7,"skipped":0,"pct":100},"functions":{"total":1,"covered":1,"skipped":0,"pct":100},"statements":{"total":8,"covered":8,"skipped":0,"pct":100},"branches":{"total":2,"covered":2,"skipped":0,"pct":100}}
,"/Users/joepegler/Workspace/abstractjs/src/sdk/modules/smartSessionsValidator/toSmartSessionValidator.enable.mode.test.ts": {"lines":{"total":62,"covered":6,"skipped":0,"pct":9.67},"functions":{"total":5,"covered":1,"skipped":0,"pct":20},"statements":{"total":62,"covered":6,"skipped":0,"pct":9.67},"branches":{"total":6,"covered":0,"skipped":0,"pct":0}}
,"/Users/joepegler/Workspace/abstractjs/src/sdk/modules/smartSessionsValidator/toSmartSessionsValidator.advanced.test.ts": {"lines":{"total":34,"covered":34,"skipped":0,"pct":100},"functions":{"total":5,"covered":5,"skipped":0,"pct":100},"statements":{"total":34,"covered":34,"skipped":0,"pct":100},"branches":{"total":0,"covered":0,"skipped":0,"pct":100}}
,"/Users/joepegler/Workspace/abstractjs/src/sdk/modules/smartSessionsValidator/toSmartSessionsValidator.dx.test.ts": {"lines":{"total":33,"covered":24,"skipped":0,"pct":72.72},"functions":{"total":5,"covered":4,"skipped":0,"pct":80},"statements":{"total":33,"covered":24,"skipped":0,"pct":72.72},"branches":{"total":0,"covered":0,"skipped":0,"pct":100}}
,"/Users/joepegler/Workspace/abstractjs/src/sdk/modules/smartSessionsValidator/toSmartSessionsValidator.policies.test.ts": {"lines":{"total":31,"covered":31,"skipped":0,"pct":100},"functions":{"total":5,"covered":5,"skipped":0,"pct":100},"statements":{"total":31,"covered":31,"skipped":0,"pct":100},"branches":{"total":2,"covered":1,"skipped":0,"pct":50}}
,"/Users/joepegler/Workspace/abstractjs/src/sdk/modules/smartSessionsValidator/toSmartSessionsValidator.sudo.policy.test.ts": {"lines":{"total":38,"covered":38,"skipped":0,"pct":100},"functions":{"total":5,"covered":5,"skipped":0,"pct":100},"statements":{"total":38,"covered":38,"skipped":0,"pct":100},"branches":{"total":0,"covered":0,"skipped":0,"pct":100}}
,"/Users/joepegler/Workspace/abstractjs/src/sdk/modules/smartSessionsValidator/toSmartSessionsValidator.test.ts": {"lines":{"total":77,"covered":76,"skipped":0,"pct":98.7},"functions":{"total":13,"covered":13,"skipped":0,"pct":100},"statements":{"total":78,"covered":77,"skipped":0,"pct":98.71},"branches":{"total":4,"covered":2,"skipped":0,"pct":50}}
,"/Users/joepegler/Workspace/abstractjs/src/sdk/modules/smartSessionsValidator/toSmartSessionsValidator.ts": {"lines":{"total":12,"covered":11,"skipped":0,"pct":91.66},"functions":{"total":5,"covered":4,"skipped":0,"pct":80},"statements":{"total":12,"covered":11,"skipped":0,"pct":91.66},"branches":{"total":10,"covered":10,"skipped":0,"pct":100}}
,"/Users/joepegler/Workspace/abstractjs/src/sdk/modules/smartSessionsValidator/toSmartSessionsValidator.uni.policy.test.ts": {"lines":{"total":70,"covered":70,"skipped":0,"pct":100},"functions":{"total":7,"covered":7,"skipped":0,"pct":100},"statements":{"total":70,"covered":70,"skipped":0,"pct":100},"branches":{"total":2,"covered":1,"skipped":0,"pct":50}}
,"/Users/joepegler/Workspace/abstractjs/src/sdk/modules/smartSessionsValidator/decorators/grantDeferredPermission.ts": {"lines":{"total":13,"covered":11,"skipped":0,"pct":84.61},"functions":{"total":1,"covered":1,"skipped":0,"pct":100},"statements":{"total":13,"covered":11,"skipped":0,"pct":84.61},"branches":{"total":7,"covered":5,"skipped":0,"pct":71.42}}
,"/Users/joepegler/Workspace/abstractjs/src/sdk/modules/smartSessionsValidator/decorators/grantPermission.ts": {"lines":{"total":9,"covered":7,"skipped":0,"pct":77.77},"functions":{"total":1,"covered":1,"skipped":0,"pct":100},"statements":{"total":9,"covered":7,"skipped":0,"pct":77.77},"branches":{"total":9,"covered":7,"skipped":0,"pct":77.77}}
,"/Users/joepegler/Workspace/abstractjs/src/sdk/modules/smartSessionsValidator/decorators/index.ts": {"lines":{"total":9,"covered":8,"skipped":0,"pct":88.88},"functions":{"total":8,"covered":7,"skipped":0,"pct":87.5},"statements":{"total":9,"covered":8,"skipped":0,"pct":88.88},"branches":{"total":0,"covered":0,"skipped":0,"pct":100}}
,"/Users/joepegler/Workspace/abstractjs/src/sdk/modules/smartSessionsValidator/decorators/preparePermission.ts": {"lines":{"total":56,"covered":48,"skipped":0,"pct":85.71},"functions":{"total":3,"covered":3,"skipped":0,"pct":100},"statements":{"total":56,"covered":48,"skipped":0,"pct":85.71},"branches":{"total":37,"covered":27,"skipped":0,"pct":72.97}}
,"/Users/joepegler/Workspace/abstractjs/src/sdk/modules/smartSessionsValidator/decorators/smartSessions.decorators.test.ts": {"lines":{"total":30,"covered":30,"skipped":0,"pct":100},"functions":{"total":5,"covered":5,"skipped":0,"pct":100},"statements":{"total":30,"covered":30,"skipped":0,"pct":100},"branches":{"total":0,"covered":0,"skipped":0,"pct":100}}
,"/Users/joepegler/Workspace/abstractjs/src/sdk/modules/smartSessionsValidator/decorators/usePermission.ts": {"lines":{"total":4,"covered":3,"skipped":0,"pct":75},"functions":{"total":1,"covered":1,"skipped":0,"pct":100},"statements":{"total":4,"covered":3,"skipped":0,"pct":75},"branches":{"total":3,"covered":2,"skipped":0,"pct":66.66}}
,"/Users/joepegler/Workspace/abstractjs/src/sdk/modules/utils/Helpers.ts": {"lines":{"total":31,"covered":20,"skipped":0,"pct":64.51},"functions":{"total":3,"covered":2,"skipped":0,"pct":66.66},"statements":{"total":31,"covered":20,"skipped":0,"pct":64.51},"branches":{"total":26,"covered":18,"skipped":0,"pct":69.23}}
,"/Users/joepegler/Workspace/abstractjs/src/sdk/modules/utils/Types.ts": {"lines":{"total":4,"covered":4,"skipped":0,"pct":100},"functions":{"total":1,"covered":1,"skipped":0,"pct":100},"statements":{"total":5,"covered":5,"skipped":0,"pct":100},"branches":{"total":2,"covered":2,"skipped":0,"pct":100}}
,"/Users/joepegler/Workspace/abstractjs/src/sdk/modules/utils/toModule.test.ts": {"lines":{"total":12,"covered":12,"skipped":0,"pct":100},"functions":{"total":4,"covered":4,"skipped":0,"pct":100},"statements":{"total":12,"covered":12,"skipped":0,"pct":100},"branches":{"total":0,"covered":0,"skipped":0,"pct":100}}
,"/Users/joepegler/Workspace/abstractjs/src/sdk/modules/utils/toModule.ts": {"lines":{"total":10,"covered":6,"skipped":0,"pct":60},"functions":{"total":6,"covered":2,"skipped":0,"pct":33.33},"statements":{"total":11,"covered":6,"skipped":0,"pct":54.54},"branches":{"total":10,"covered":4,"skipped":0,"pct":40}}
}
